{"F:\\leetcode\\18652\\iteration5\\s22-ESN-SA2\\app.js": {"path":"F:\\leetcode\\18652\\iteration5\\s22-ESN-SA2\\app.js","statementMap":{"0":{"start":{"line":1,"column":0},"end":{"line":1,"column":27}},"1":{"start":{"line":2,"column":16},"end":{"line":2,"column":34}},"2":{"start":{"line":3,"column":13},"end":{"line":3,"column":28}},"3":{"start":{"line":4,"column":23},"end":{"line":4,"column":53}},"4":{"start":{"line":5,"column":16},"end":{"line":5,"column":40}},"5":{"start":{"line":6,"column":15},"end":{"line":6,"column":32}},"6":{"start":{"line":7,"column":21},"end":{"line":7,"column":45}},"7":{"start":{"line":8,"column":19},"end":{"line":8,"column":41}},"8":{"start":{"line":9,"column":17},"end":{"line":9,"column":36}},"9":{"start":{"line":11,"column":14},"end":{"line":11,"column":39}},"10":{"start":{"line":12,"column":12},"end":{"line":12,"column":21}},"11":{"start":{"line":15,"column":0},"end":{"line":15,"column":24}},"12":{"start":{"line":16,"column":0},"end":{"line":16,"column":48}},"13":{"start":{"line":17,"column":0},"end":{"line":17,"column":30}},"14":{"start":{"line":20,"column":0},"end":{"line":20,"column":64}},"15":{"start":{"line":21,"column":0},"end":{"line":21,"column":23}},"16":{"start":{"line":22,"column":0},"end":{"line":22,"column":27}},"17":{"start":{"line":23,"column":0},"end":{"line":23,"column":52}},"18":{"start":{"line":24,"column":0},"end":{"line":24,"column":24}},"19":{"start":{"line":25,"column":0},"end":{"line":25,"column":56}},"20":{"start":{"line":27,"column":0},"end":{"line":27,"column":37}},"21":{"start":{"line":28,"column":0},"end":{"line":28,"column":33}},"22":{"start":{"line":29,"column":0},"end":{"line":33,"column":1}},"23":{"start":{"line":30,"column":2},"end":{"line":30,"column":45}},"24":{"start":{"line":32,"column":2},"end":{"line":32,"column":41}},"25":{"start":{"line":34,"column":0},"end":{"line":34,"column":20}},"26":{"start":{"line":36,"column":0},"end":{"line":40,"column":3}},"27":{"start":{"line":37,"column":14},"end":{"line":37,"column":36}},"28":{"start":{"line":38,"column":2},"end":{"line":38,"column":19}},"29":{"start":{"line":39,"column":2},"end":{"line":39,"column":12}},"30":{"start":{"line":43,"column":0},"end":{"line":57,"column":3}},"31":{"start":{"line":45,"column":2},"end":{"line":45,"column":35}},"32":{"start":{"line":46,"column":2},"end":{"line":46,"column":69}},"33":{"start":{"line":49,"column":2},"end":{"line":49,"column":32}},"34":{"start":{"line":50,"column":2},"end":{"line":55,"column":5}},"35":{"start":{"line":56,"column":2},"end":{"line":56,"column":9}},"36":{"start":{"line":59,"column":0},"end":{"line":59,"column":21}}},"fnMap":{"0":{"name":"(anonymous_0)","decl":{"start":{"line":36,"column":8},"end":{"line":36,"column":9}},"loc":{"start":{"line":36,"column":28},"end":{"line":40,"column":1}},"line":36},"1":{"name":"(anonymous_1)","decl":{"start":{"line":43,"column":8},"end":{"line":43,"column":9}},"loc":{"start":{"line":43,"column":33},"end":{"line":57,"column":1}},"line":43}},"branchMap":{"0":{"loc":{"start":{"line":29,"column":0},"end":{"line":33,"column":1}},"type":"if","locations":[{"start":{"line":29,"column":0},"end":{"line":33,"column":1}},{"start":{"line":31,"column":7},"end":{"line":33,"column":1}}],"line":29},"1":{"loc":{"start":{"line":46,"column":21},"end":{"line":46,"column":68}},"type":"cond-expr","locations":[{"start":{"line":46,"column":60},"end":{"line":46,"column":63}},{"start":{"line":46,"column":66},"end":{"line":46,"column":68}}],"line":46},"2":{"loc":{"start":{"line":49,"column":13},"end":{"line":49,"column":30}},"type":"binary-expr","locations":[{"start":{"line":49,"column":13},"end":{"line":49,"column":23}},{"start":{"line":49,"column":27},"end":{"line":49,"column":30}}],"line":49}},"s":{"0":3,"1":3,"2":3,"3":3,"4":3,"5":3,"6":3,"7":3,"8":3,"9":3,"10":3,"11":3,"12":3,"13":3,"14":3,"15":3,"16":3,"17":3,"18":3,"19":3,"20":3,"21":3,"22":3,"23":3,"24":0,"25":3,"26":3,"27":2,"28":2,"29":2,"30":3,"31":3,"32":3,"33":3,"34":3,"35":3,"36":3},"f":{"0":2,"1":3},"b":{"0":[3,0],"1":[0,3],"2":[3,1]},"_coverageSchema":"1a1c01bbd47fc00a2c39e90264f33305004495a9","hash":"1691a26d3c25a70827576cc310e5d5320973e934"}
,"F:\\leetcode\\18652\\iteration5\\s22-ESN-SA2\\socket.js": {"path":"F:\\leetcode\\18652\\iteration5\\s22-ESN-SA2\\socket.js","statementMap":{"0":{"start":{"line":1,"column":19},"end":{"line":1,"column":39}},"1":{"start":{"line":7,"column":4},"end":{"line":7,"column":33}},"2":{"start":{"line":8,"column":4},"end":{"line":8,"column":22}},"3":{"start":{"line":9,"column":4},"end":{"line":13,"column":7}},"4":{"start":{"line":10,"column":23},"end":{"line":10,"column":53}},"5":{"start":{"line":11,"column":6},"end":{"line":11,"column":41}},"6":{"start":{"line":12,"column":6},"end":{"line":12,"column":48}},"7":{"start":{"line":17,"column":4},"end":{"line":17,"column":19}},"8":{"start":{"line":21,"column":0},"end":{"line":21,"column":30}},"9":{"start":{"line":23,"column":0},"end":{"line":23,"column":32}}},"fnMap":{"0":{"name":"(anonymous_0)","decl":{"start":{"line":4,"column":2},"end":{"line":4,"column":3}},"loc":{"start":{"line":4,"column":16},"end":{"line":4,"column":18}},"line":4},"1":{"name":"(anonymous_1)","decl":{"start":{"line":6,"column":2},"end":{"line":6,"column":3}},"loc":{"start":{"line":6,"column":20},"end":{"line":14,"column":3}},"line":6},"2":{"name":"(anonymous_2)","decl":{"start":{"line":9,"column":29},"end":{"line":9,"column":30}},"loc":{"start":{"line":9,"column":41},"end":{"line":13,"column":5}},"line":9},"3":{"name":"(anonymous_3)","decl":{"start":{"line":16,"column":2},"end":{"line":16,"column":3}},"loc":{"start":{"line":16,"column":16},"end":{"line":18,"column":3}},"line":16}},"branchMap":{},"s":{"0":4,"1":3,"2":3,"3":3,"4":0,"5":0,"6":0,"7":25,"8":4,"9":4},"f":{"0":4,"1":3,"2":0,"3":25},"b":{},"_coverageSchema":"1a1c01bbd47fc00a2c39e90264f33305004495a9","hash":"3faad50e04f6ce9eb5eb6c7a2c8b949d5eb26f18"}
,"F:\\leetcode\\18652\\iteration5\\s22-ESN-SA2\\controllers\\announcementMessageController.js": {"path":"F:\\leetcode\\18652\\iteration5\\s22-ESN-SA2\\controllers\\announcementMessageController.js","statementMap":{"0":{"start":{"line":1,"column":15},"end":{"line":1,"column":32}},"1":{"start":{"line":2,"column":23},"end":{"line":3,"column":17}},"2":{"start":{"line":4,"column":13},"end":{"line":4,"column":38}},"3":{"start":{"line":5,"column":15},"end":{"line":5,"column":35}},"4":{"start":{"line":8,"column":4},"end":{"line":8,"column":29}},"5":{"start":{"line":9,"column":4},"end":{"line":11,"column":6}},"6":{"start":{"line":12,"column":4},"end":{"line":12,"column":73}},"7":{"start":{"line":16,"column":4},"end":{"line":32,"column":5}},"8":{"start":{"line":17,"column":17},"end":{"line":17,"column":37}},"9":{"start":{"line":18,"column":19},"end":{"line":18,"column":70}},"10":{"start":{"line":19,"column":29},"end":{"line":25,"column":7}},"11":{"start":{"line":26,"column":6},"end":{"line":26,"column":56}},"12":{"start":{"line":27,"column":6},"end":{"line":27,"column":61}},"13":{"start":{"line":28,"column":6},"end":{"line":28,"column":31}},"14":{"start":{"line":30,"column":6},"end":{"line":30,"column":21}},"15":{"start":{"line":31,"column":6},"end":{"line":31,"column":47}},"16":{"start":{"line":36,"column":4},"end":{"line":41,"column":5}},"17":{"start":{"line":37,"column":22},"end":{"line":37,"column":55}},"18":{"start":{"line":38,"column":6},"end":{"line":38,"column":36}},"19":{"start":{"line":40,"column":6},"end":{"line":40,"column":25}},"20":{"start":{"line":45,"column":4},"end":{"line":45,"column":29}},"21":{"start":{"line":48,"column":11},"end":{"line":48,"column":31}},"22":{"start":{"line":49,"column":0},"end":{"line":49,"column":70}},"23":{"start":{"line":51,"column":0},"end":{"line":51,"column":47}}},"fnMap":{"0":{"name":"(anonymous_0)","decl":{"start":{"line":7,"column":2},"end":{"line":7,"column":3}},"loc":{"start":{"line":7,"column":24},"end":{"line":13,"column":3}},"line":7},"1":{"name":"(anonymous_1)","decl":{"start":{"line":15,"column":2},"end":{"line":15,"column":3}},"loc":{"start":{"line":15,"column":47},"end":{"line":33,"column":3}},"line":15},"2":{"name":"(anonymous_2)","decl":{"start":{"line":35,"column":2},"end":{"line":35,"column":3}},"loc":{"start":{"line":35,"column":41},"end":{"line":42,"column":3}},"line":35},"3":{"name":"(anonymous_3)","decl":{"start":{"line":44,"column":2},"end":{"line":44,"column":3}},"loc":{"start":{"line":44,"column":24},"end":{"line":46,"column":3}},"line":44}},"branchMap":{},"s":{"0":3,"1":3,"2":3,"3":3,"4":3,"5":3,"6":3,"7":1,"8":1,"9":1,"10":1,"11":0,"12":0,"13":0,"14":1,"15":1,"16":1,"17":1,"18":1,"19":0,"20":0,"21":3,"22":3,"23":3},"f":{"0":3,"1":1,"2":1,"3":0},"b":{},"_coverageSchema":"1a1c01bbd47fc00a2c39e90264f33305004495a9","hash":"f31cef192e261732e7d44fc8bcad4888ae547861"}
,"F:\\leetcode\\18652\\iteration5\\s22-ESN-SA2\\controllers\\blogController.js": {"path":"F:\\leetcode\\18652\\iteration5\\s22-ESN-SA2\\controllers\\blogController.js","statementMap":{"0":{"start":{"line":1,"column":15},"end":{"line":1,"column":32}},"1":{"start":{"line":2,"column":23},"end":{"line":2,"column":68}},"2":{"start":{"line":3,"column":13},"end":{"line":3,"column":38}},"3":{"start":{"line":4,"column":15},"end":{"line":4,"column":35}},"4":{"start":{"line":8,"column":4},"end":{"line":8,"column":29}},"5":{"start":{"line":9,"column":4},"end":{"line":9,"column":55}},"6":{"start":{"line":10,"column":4},"end":{"line":10,"column":43}},"7":{"start":{"line":11,"column":4},"end":{"line":11,"column":45}},"8":{"start":{"line":12,"column":4},"end":{"line":12,"column":51}},"9":{"start":{"line":13,"column":4},"end":{"line":13,"column":47}},"10":{"start":{"line":14,"column":4},"end":{"line":14,"column":53}},"11":{"start":{"line":18,"column":4},"end":{"line":38,"column":5}},"12":{"start":{"line":19,"column":17},"end":{"line":19,"column":37}},"13":{"start":{"line":20,"column":6},"end":{"line":20,"column":28}},"14":{"start":{"line":21,"column":19},"end":{"line":21,"column":70}},"15":{"start":{"line":22,"column":26},"end":{"line":30,"column":7}},"16":{"start":{"line":31,"column":6},"end":{"line":31,"column":63}},"17":{"start":{"line":32,"column":6},"end":{"line":32,"column":50}},"18":{"start":{"line":33,"column":6},"end":{"line":33,"column":43}},"19":{"start":{"line":34,"column":6},"end":{"line":34,"column":31}},"20":{"start":{"line":36,"column":6},"end":{"line":36,"column":21}},"21":{"start":{"line":37,"column":6},"end":{"line":37,"column":47}},"22":{"start":{"line":63,"column":4},"end":{"line":68,"column":5}},"23":{"start":{"line":64,"column":19},"end":{"line":64,"column":49}},"24":{"start":{"line":65,"column":6},"end":{"line":65,"column":33}},"25":{"start":{"line":67,"column":6},"end":{"line":67,"column":25}},"26":{"start":{"line":72,"column":4},"end":{"line":81,"column":5}},"27":{"start":{"line":73,"column":27},"end":{"line":73,"column":44}},"28":{"start":{"line":76,"column":19},"end":{"line":76,"column":61}},"29":{"start":{"line":77,"column":6},"end":{"line":77,"column":41}},"30":{"start":{"line":78,"column":6},"end":{"line":78,"column":33}},"31":{"start":{"line":80,"column":6},"end":{"line":80,"column":25}},"32":{"start":{"line":84,"column":4},"end":{"line":92,"column":5}},"33":{"start":{"line":85,"column":27},"end":{"line":85,"column":44}},"34":{"start":{"line":88,"column":19},"end":{"line":88,"column":64}},"35":{"start":{"line":89,"column":6},"end":{"line":89,"column":33}},"36":{"start":{"line":91,"column":6},"end":{"line":91,"column":25}},"37":{"start":{"line":95,"column":4},"end":{"line":106,"column":5}},"38":{"start":{"line":96,"column":27},"end":{"line":96,"column":44}},"39":{"start":{"line":99,"column":19},"end":{"line":99,"column":62}},"40":{"start":{"line":103,"column":6},"end":{"line":103,"column":33}},"41":{"start":{"line":105,"column":6},"end":{"line":105,"column":25}},"42":{"start":{"line":110,"column":4},"end":{"line":121,"column":5}},"43":{"start":{"line":111,"column":27},"end":{"line":111,"column":44}},"44":{"start":{"line":114,"column":19},"end":{"line":114,"column":65}},"45":{"start":{"line":118,"column":6},"end":{"line":118,"column":33}},"46":{"start":{"line":120,"column":6},"end":{"line":120,"column":25}},"47":{"start":{"line":125,"column":4},"end":{"line":125,"column":29}},"48":{"start":{"line":131,"column":11},"end":{"line":131,"column":31}},"49":{"start":{"line":132,"column":0},"end":{"line":132,"column":40}},"50":{"start":{"line":134,"column":0},"end":{"line":134,"column":32}}},"fnMap":{"0":{"name":"(anonymous_0)","decl":{"start":{"line":7,"column":2},"end":{"line":7,"column":3}},"loc":{"start":{"line":7,"column":24},"end":{"line":15,"column":3}},"line":7},"1":{"name":"(anonymous_1)","decl":{"start":{"line":17,"column":2},"end":{"line":17,"column":3}},"loc":{"start":{"line":17,"column":32},"end":{"line":39,"column":3}},"line":17},"2":{"name":"(anonymous_2)","decl":{"start":{"line":62,"column":2},"end":{"line":62,"column":3}},"loc":{"start":{"line":62,"column":26},"end":{"line":69,"column":3}},"line":62},"3":{"name":"(anonymous_3)","decl":{"start":{"line":71,"column":2},"end":{"line":71,"column":3}},"loc":{"start":{"line":71,"column":27},"end":{"line":82,"column":3}},"line":71},"4":{"name":"(anonymous_4)","decl":{"start":{"line":83,"column":2},"end":{"line":83,"column":3}},"loc":{"start":{"line":83,"column":29},"end":{"line":93,"column":3}},"line":83},"5":{"name":"(anonymous_5)","decl":{"start":{"line":94,"column":2},"end":{"line":94,"column":3}},"loc":{"start":{"line":94,"column":27},"end":{"line":107,"column":3}},"line":94},"6":{"name":"(anonymous_6)","decl":{"start":{"line":109,"column":2},"end":{"line":109,"column":3}},"loc":{"start":{"line":109,"column":30},"end":{"line":122,"column":3}},"line":109},"7":{"name":"(anonymous_7)","decl":{"start":{"line":124,"column":2},"end":{"line":124,"column":3}},"loc":{"start":{"line":124,"column":24},"end":{"line":126,"column":3}},"line":124}},"branchMap":{},"s":{"0":3,"1":3,"2":3,"3":3,"4":3,"5":3,"6":3,"7":3,"8":3,"9":3,"10":3,"11":6,"12":6,"13":6,"14":6,"15":6,"16":0,"17":0,"18":0,"19":0,"20":6,"21":6,"22":1,"23":1,"24":1,"25":0,"26":1,"27":1,"28":1,"29":1,"30":1,"31":1,"32":1,"33":1,"34":1,"35":1,"36":0,"37":1,"38":1,"39":1,"40":1,"41":0,"42":1,"43":1,"44":1,"45":1,"46":0,"47":0,"48":3,"49":3,"50":3},"f":{"0":3,"1":6,"2":1,"3":1,"4":1,"5":1,"6":1,"7":0},"b":{},"_coverageSchema":"1a1c01bbd47fc00a2c39e90264f33305004495a9","hash":"21ef441323dd4226e57437c02b803fe8f943da40"}
,"F:\\leetcode\\18652\\iteration5\\s22-ESN-SA2\\controllers\\donorsController.js": {"path":"F:\\leetcode\\18652\\iteration5\\s22-ESN-SA2\\controllers\\donorsController.js","statementMap":{"0":{"start":{"line":1,"column":0},"end":{"line":1,"column":27}},"1":{"start":{"line":2,"column":13},"end":{"line":2,"column":38}},"2":{"start":{"line":3,"column":15},"end":{"line":3,"column":35}},"3":{"start":{"line":8,"column":15},"end":{"line":8,"column":35}},"4":{"start":{"line":9,"column":4},"end":{"line":27,"column":5}},"5":{"start":{"line":10,"column":17},"end":{"line":12,"column":7}},"6":{"start":{"line":13,"column":6},"end":{"line":13,"column":64}},"7":{"start":{"line":13,"column":28},"end":{"line":13,"column":64}},"8":{"start":{"line":15,"column":24},"end":{"line":18,"column":7}},"9":{"start":{"line":20,"column":21},"end":{"line":20,"column":55}},"10":{"start":{"line":22,"column":6},"end":{"line":22,"column":37}},"11":{"start":{"line":24,"column":6},"end":{"line":24,"column":31}},"12":{"start":{"line":26,"column":6},"end":{"line":26,"column":25}},"13":{"start":{"line":31,"column":15},"end":{"line":31,"column":35}},"14":{"start":{"line":32,"column":4},"end":{"line":47,"column":5}},"15":{"start":{"line":33,"column":17},"end":{"line":35,"column":7}},"16":{"start":{"line":36,"column":24},"end":{"line":39,"column":7}},"17":{"start":{"line":41,"column":21},"end":{"line":41,"column":55}},"18":{"start":{"line":42,"column":6},"end":{"line":42,"column":37}},"19":{"start":{"line":44,"column":6},"end":{"line":44,"column":31}},"20":{"start":{"line":46,"column":6},"end":{"line":46,"column":25}},"21":{"start":{"line":51,"column":4},"end":{"line":56,"column":5}},"22":{"start":{"line":52,"column":25},"end":{"line":52,"column":59}},"23":{"start":{"line":53,"column":6},"end":{"line":53,"column":43}},"24":{"start":{"line":55,"column":6},"end":{"line":55,"column":34}},"25":{"start":{"line":59,"column":0},"end":{"line":59,"column":34}}},"fnMap":{"0":{"name":"(anonymous_0)","decl":{"start":{"line":7,"column":2},"end":{"line":7,"column":3}},"loc":{"start":{"line":7,"column":43},"end":{"line":28,"column":3}},"line":7},"1":{"name":"(anonymous_1)","decl":{"start":{"line":30,"column":2},"end":{"line":30,"column":3}},"loc":{"start":{"line":30,"column":41},"end":{"line":49,"column":3}},"line":30},"2":{"name":"(anonymous_2)","decl":{"start":{"line":50,"column":2},"end":{"line":50,"column":3}},"loc":{"start":{"line":50,"column":35},"end":{"line":57,"column":3}},"line":50}},"branchMap":{"0":{"loc":{"start":{"line":13,"column":6},"end":{"line":13,"column":64}},"type":"if","locations":[{"start":{"line":13,"column":6},"end":{"line":13,"column":64}},{"start":{},"end":{}}],"line":13}},"s":{"0":3,"1":3,"2":3,"3":1,"4":1,"5":1,"6":1,"7":1,"8":1,"9":1,"10":1,"11":1,"12":0,"13":1,"14":1,"15":1,"16":1,"17":1,"18":1,"19":1,"20":0,"21":1,"22":1,"23":1,"24":0,"25":3},"f":{"0":1,"1":1,"2":1},"b":{"0":[1,0]},"_coverageSchema":"1a1c01bbd47fc00a2c39e90264f33305004495a9","hash":"de397c9472f5752b52732d74d3a171ffea92d124"}
,"F:\\leetcode\\18652\\iteration5\\s22-ESN-SA2\\controllers\\eventController.js": {"path":"F:\\leetcode\\18652\\iteration5\\s22-ESN-SA2\\controllers\\eventController.js","statementMap":{"0":{"start":{"line":1,"column":15},"end":{"line":1,"column":32}},"1":{"start":{"line":2,"column":14},"end":{"line":2,"column":40}},"2":{"start":{"line":3,"column":15},"end":{"line":3,"column":35}},"3":{"start":{"line":6,"column":4},"end":{"line":25,"column":5}},"4":{"start":{"line":7,"column":66},"end":{"line":7,"column":74}},"5":{"start":{"line":8,"column":27},"end":{"line":16,"column":7}},"6":{"start":{"line":17,"column":17},"end":{"line":17,"column":37}},"7":{"start":{"line":18,"column":6},"end":{"line":20,"column":9}},"8":{"start":{"line":19,"column":8},"end":{"line":19,"column":43}},"9":{"start":{"line":21,"column":6},"end":{"line":21,"column":33}},"10":{"start":{"line":22,"column":6},"end":{"line":22,"column":29}},"11":{"start":{"line":24,"column":6},"end":{"line":24,"column":38}},"12":{"start":{"line":29,"column":4},"end":{"line":49,"column":5}},"13":{"start":{"line":30,"column":23},"end":{"line":30,"column":41}},"14":{"start":{"line":31,"column":22},"end":{"line":31,"column":40}},"15":{"start":{"line":32,"column":20},"end":{"line":32,"column":57}},"16":{"start":{"line":33,"column":6},"end":{"line":36,"column":7}},"17":{"start":{"line":34,"column":8},"end":{"line":34,"column":67}},"18":{"start":{"line":35,"column":8},"end":{"line":35,"column":15}},"19":{"start":{"line":37,"column":6},"end":{"line":40,"column":7}},"20":{"start":{"line":38,"column":8},"end":{"line":38,"column":74}},"21":{"start":{"line":39,"column":8},"end":{"line":39,"column":15}},"22":{"start":{"line":41,"column":6},"end":{"line":41,"column":48}},"23":{"start":{"line":42,"column":27},"end":{"line":42,"column":64}},"24":{"start":{"line":43,"column":17},"end":{"line":43,"column":37}},"25":{"start":{"line":44,"column":6},"end":{"line":44,"column":51}},"26":{"start":{"line":45,"column":6},"end":{"line":45,"column":31}},"27":{"start":{"line":47,"column":6},"end":{"line":47,"column":25}},"28":{"start":{"line":48,"column":6},"end":{"line":48,"column":38}},"29":{"start":{"line":53,"column":4},"end":{"line":71,"column":5}},"30":{"start":{"line":54,"column":23},"end":{"line":54,"column":41}},"31":{"start":{"line":55,"column":22},"end":{"line":55,"column":40}},"32":{"start":{"line":56,"column":20},"end":{"line":56,"column":57}},"33":{"start":{"line":57,"column":6},"end":{"line":60,"column":7}},"34":{"start":{"line":58,"column":8},"end":{"line":58,"column":67}},"35":{"start":{"line":59,"column":8},"end":{"line":59,"column":15}},"36":{"start":{"line":61,"column":6},"end":{"line":61,"column":47}},"37":{"start":{"line":62,"column":27},"end":{"line":62,"column":64}},"38":{"start":{"line":63,"column":6},"end":{"line":63,"column":32}},"39":{"start":{"line":64,"column":17},"end":{"line":64,"column":37}},"40":{"start":{"line":65,"column":6},"end":{"line":65,"column":51}},"41":{"start":{"line":67,"column":6},"end":{"line":67,"column":31}},"42":{"start":{"line":69,"column":6},"end":{"line":69,"column":25}},"43":{"start":{"line":70,"column":6},"end":{"line":70,"column":38}},"44":{"start":{"line":75,"column":4},"end":{"line":88,"column":5}},"45":{"start":{"line":76,"column":22},"end":{"line":76,"column":40}},"46":{"start":{"line":77,"column":20},"end":{"line":77,"column":57}},"47":{"start":{"line":78,"column":6},"end":{"line":81,"column":7}},"48":{"start":{"line":79,"column":8},"end":{"line":79,"column":67}},"49":{"start":{"line":80,"column":8},"end":{"line":80,"column":15}},"50":{"start":{"line":82,"column":6},"end":{"line":82,"column":46}},"51":{"start":{"line":83,"column":17},"end":{"line":83,"column":37}},"52":{"start":{"line":84,"column":6},"end":{"line":84,"column":68}},"53":{"start":{"line":85,"column":6},"end":{"line":85,"column":29}},"54":{"start":{"line":87,"column":6},"end":{"line":87,"column":38}},"55":{"start":{"line":92,"column":4},"end":{"line":97,"column":5}},"56":{"start":{"line":93,"column":21},"end":{"line":93,"column":56}},"57":{"start":{"line":94,"column":6},"end":{"line":94,"column":35}},"58":{"start":{"line":96,"column":6},"end":{"line":96,"column":38}},"59":{"start":{"line":101,"column":4},"end":{"line":107,"column":5}},"60":{"start":{"line":102,"column":23},"end":{"line":102,"column":42}},"61":{"start":{"line":103,"column":21},"end":{"line":103,"column":58}},"62":{"start":{"line":104,"column":6},"end":{"line":104,"column":35}},"63":{"start":{"line":106,"column":6},"end":{"line":106,"column":38}},"64":{"start":{"line":111,"column":0},"end":{"line":111,"column":33}}},"fnMap":{"0":{"name":"(anonymous_0)","decl":{"start":{"line":5,"column":2},"end":{"line":5,"column":3}},"loc":{"start":{"line":5,"column":40},"end":{"line":26,"column":3}},"line":5},"1":{"name":"(anonymous_1)","decl":{"start":{"line":18,"column":39},"end":{"line":18,"column":40}},"loc":{"start":{"line":18,"column":55},"end":{"line":20,"column":7}},"line":18},"2":{"name":"(anonymous_2)","decl":{"start":{"line":28,"column":2},"end":{"line":28,"column":3}},"loc":{"start":{"line":28,"column":32},"end":{"line":50,"column":3}},"line":28},"3":{"name":"(anonymous_3)","decl":{"start":{"line":52,"column":2},"end":{"line":52,"column":3}},"loc":{"start":{"line":52,"column":30},"end":{"line":72,"column":3}},"line":52},"4":{"name":"(anonymous_4)","decl":{"start":{"line":74,"column":2},"end":{"line":74,"column":3}},"loc":{"start":{"line":74,"column":37},"end":{"line":89,"column":3}},"line":74},"5":{"name":"(anonymous_5)","decl":{"start":{"line":91,"column":2},"end":{"line":91,"column":3}},"loc":{"start":{"line":91,"column":40},"end":{"line":98,"column":3}},"line":91},"6":{"name":"(anonymous_6)","decl":{"start":{"line":100,"column":2},"end":{"line":100,"column":3}},"loc":{"start":{"line":100,"column":40},"end":{"line":108,"column":3}},"line":100}},"branchMap":{"0":{"loc":{"start":{"line":33,"column":6},"end":{"line":36,"column":7}},"type":"if","locations":[{"start":{"line":33,"column":6},"end":{"line":36,"column":7}},{"start":{},"end":{}}],"line":33},"1":{"loc":{"start":{"line":37,"column":6},"end":{"line":40,"column":7}},"type":"if","locations":[{"start":{"line":37,"column":6},"end":{"line":40,"column":7}},{"start":{},"end":{}}],"line":37},"2":{"loc":{"start":{"line":57,"column":6},"end":{"line":60,"column":7}},"type":"if","locations":[{"start":{"line":57,"column":6},"end":{"line":60,"column":7}},{"start":{},"end":{}}],"line":57},"3":{"loc":{"start":{"line":78,"column":6},"end":{"line":81,"column":7}},"type":"if","locations":[{"start":{"line":78,"column":6},"end":{"line":81,"column":7}},{"start":{},"end":{}}],"line":78}},"s":{"0":3,"1":3,"2":3,"3":1,"4":1,"5":1,"6":1,"7":1,"8":1,"9":1,"10":1,"11":0,"12":0,"13":0,"14":0,"15":0,"16":0,"17":0,"18":0,"19":0,"20":0,"21":0,"22":0,"23":0,"24":0,"25":0,"26":0,"27":0,"28":0,"29":0,"30":0,"31":0,"32":0,"33":0,"34":0,"35":0,"36":0,"37":0,"38":0,"39":0,"40":0,"41":0,"42":0,"43":0,"44":0,"45":0,"46":0,"47":0,"48":0,"49":0,"50":0,"51":0,"52":0,"53":0,"54":0,"55":3,"56":3,"57":3,"58":0,"59":1,"60":1,"61":1,"62":1,"63":0,"64":3},"f":{"0":1,"1":1,"2":0,"3":0,"4":0,"5":3,"6":1},"b":{"0":[0,0],"1":[0,0],"2":[0,0],"3":[0,0]},"_coverageSchema":"1a1c01bbd47fc00a2c39e90264f33305004495a9","hash":"5f395511f8c60f392c90099736a6f1ca29e07561"}
,"F:\\leetcode\\18652\\iteration5\\s22-ESN-SA2\\controllers\\joinController.js": {"path":"F:\\leetcode\\18652\\iteration5\\s22-ESN-SA2\\controllers\\joinController.js","statementMap":{"0":{"start":{"line":1,"column":0},"end":{"line":1,"column":27}},"1":{"start":{"line":2,"column":12},"end":{"line":2,"column":35}},"2":{"start":{"line":3,"column":15},"end":{"line":3,"column":35}},"3":{"start":{"line":4,"column":13},"end":{"line":4,"column":38}},"4":{"start":{"line":8,"column":4},"end":{"line":46,"column":5}},"5":{"start":{"line":9,"column":37},"end":{"line":9,"column":45}},"6":{"start":{"line":10,"column":17},"end":{"line":10,"column":37}},"7":{"start":{"line":11,"column":26},"end":{"line":13,"column":8}},"8":{"start":{"line":20,"column":22},"end":{"line":23,"column":8}},"9":{"start":{"line":25,"column":20},"end":{"line":31,"column":7}},"10":{"start":{"line":33,"column":6},"end":{"line":33,"column":79}},"11":{"start":{"line":35,"column":23},"end":{"line":35,"column":48}},"12":{"start":{"line":36,"column":6},"end":{"line":36,"column":36}},"13":{"start":{"line":37,"column":6},"end":{"line":37,"column":36}},"14":{"start":{"line":38,"column":6},"end":{"line":38,"column":39}},"15":{"start":{"line":39,"column":6},"end":{"line":39,"column":31}},"16":{"start":{"line":40,"column":6},"end":{"line":42,"column":9}},"17":{"start":{"line":44,"column":6},"end":{"line":44,"column":34}},"18":{"start":{"line":45,"column":6},"end":{"line":45,"column":38}},"19":{"start":{"line":50,"column":4},"end":{"line":60,"column":5}},"20":{"start":{"line":52,"column":26},"end":{"line":55,"column":7}},"21":{"start":{"line":56,"column":6},"end":{"line":56,"column":33}},"22":{"start":{"line":57,"column":6},"end":{"line":57,"column":29}},"23":{"start":{"line":59,"column":6},"end":{"line":59,"column":25}},"24":{"start":{"line":63,"column":0},"end":{"line":63,"column":32}}},"fnMap":{"0":{"name":"(anonymous_0)","decl":{"start":{"line":7,"column":2},"end":{"line":7,"column":3}},"loc":{"start":{"line":7,"column":30},"end":{"line":47,"column":3}},"line":7},"1":{"name":"(anonymous_1)","decl":{"start":{"line":49,"column":2},"end":{"line":49,"column":3}},"loc":{"start":{"line":49,"column":37},"end":{"line":61,"column":3}},"line":49}},"branchMap":{},"s":{"0":3,"1":3,"2":3,"3":3,"4":2,"5":2,"6":2,"7":2,"8":2,"9":2,"10":2,"11":2,"12":2,"13":2,"14":2,"15":2,"16":2,"17":0,"18":0,"19":0,"20":0,"21":0,"22":0,"23":0,"24":3},"f":{"0":2,"1":0},"b":{},"_coverageSchema":"1a1c01bbd47fc00a2c39e90264f33305004495a9","hash":"992fe043e344997c905c4e9dc2f0432b7988f0e7"}
,"F:\\leetcode\\18652\\iteration5\\s22-ESN-SA2\\controllers\\loginLogoutController.js": {"path":"F:\\leetcode\\18652\\iteration5\\s22-ESN-SA2\\controllers\\loginLogoutController.js","statementMap":{"0":{"start":{"line":1,"column":0},"end":{"line":1,"column":27}},"1":{"start":{"line":2,"column":14},"end":{"line":2,"column":31}},"2":{"start":{"line":3,"column":12},"end":{"line":3,"column":35}},"3":{"start":{"line":4,"column":15},"end":{"line":4,"column":35}},"4":{"start":{"line":5,"column":13},"end":{"line":5,"column":38}},"5":{"start":{"line":9,"column":4},"end":{"line":58,"column":5}},"6":{"start":{"line":10,"column":19},"end":{"line":10,"column":72}},"7":{"start":{"line":11,"column":17},"end":{"line":11,"column":37}},"8":{"start":{"line":12,"column":6},"end":{"line":16,"column":7}},"9":{"start":{"line":13,"column":8},"end":{"line":15,"column":11}},"10":{"start":{"line":17,"column":30},"end":{"line":20,"column":7}},"11":{"start":{"line":21,"column":6},"end":{"line":25,"column":7}},"12":{"start":{"line":22,"column":8},"end":{"line":24,"column":11}},"13":{"start":{"line":27,"column":20},"end":{"line":33,"column":7}},"14":{"start":{"line":34,"column":6},"end":{"line":38,"column":7}},"15":{"start":{"line":35,"column":8},"end":{"line":35,"column":33}},"16":{"start":{"line":37,"column":8},"end":{"line":37,"column":35}},"17":{"start":{"line":40,"column":19},"end":{"line":43,"column":7}},"18":{"start":{"line":45,"column":23},"end":{"line":45,"column":48}},"19":{"start":{"line":46,"column":6},"end":{"line":46,"column":36}},"20":{"start":{"line":47,"column":6},"end":{"line":47,"column":36}},"21":{"start":{"line":48,"column":6},"end":{"line":48,"column":50}},"22":{"start":{"line":49,"column":6},"end":{"line":49,"column":42}},"23":{"start":{"line":50,"column":6},"end":{"line":50,"column":46}},"24":{"start":{"line":51,"column":6},"end":{"line":51,"column":56}},"25":{"start":{"line":52,"column":6},"end":{"line":54,"column":9}},"26":{"start":{"line":56,"column":6},"end":{"line":56,"column":25}},"27":{"start":{"line":57,"column":6},"end":{"line":57,"column":38}},"28":{"start":{"line":62,"column":17},"end":{"line":62,"column":27}},"29":{"start":{"line":63,"column":15},"end":{"line":63,"column":35}},"30":{"start":{"line":64,"column":4},"end":{"line":79,"column":5}},"31":{"start":{"line":65,"column":19},"end":{"line":65,"column":66}},"32":{"start":{"line":66,"column":6},"end":{"line":76,"column":7}},"33":{"start":{"line":67,"column":8},"end":{"line":67,"column":78}},"34":{"start":{"line":68,"column":25},"end":{"line":68,"column":50}},"35":{"start":{"line":69,"column":8},"end":{"line":69,"column":38}},"36":{"start":{"line":70,"column":8},"end":{"line":70,"column":36}},"37":{"start":{"line":71,"column":8},"end":{"line":71,"column":36}},"38":{"start":{"line":73,"column":8},"end":{"line":73,"column":33}},"39":{"start":{"line":75,"column":8},"end":{"line":75,"column":33}},"40":{"start":{"line":78,"column":6},"end":{"line":78,"column":66}},"41":{"start":{"line":83,"column":4},"end":{"line":88,"column":5}},"42":{"start":{"line":84,"column":23},"end":{"line":84,"column":48}},"43":{"start":{"line":85,"column":6},"end":{"line":85,"column":37}},"44":{"start":{"line":87,"column":6},"end":{"line":87,"column":25}},"45":{"start":{"line":91,"column":0},"end":{"line":91,"column":39}}},"fnMap":{"0":{"name":"(anonymous_0)","decl":{"start":{"line":8,"column":2},"end":{"line":8,"column":3}},"loc":{"start":{"line":8,"column":31},"end":{"line":59,"column":3}},"line":8},"1":{"name":"(anonymous_1)","decl":{"start":{"line":61,"column":2},"end":{"line":61,"column":3}},"loc":{"start":{"line":61,"column":32},"end":{"line":80,"column":3}},"line":61},"2":{"name":"(anonymous_2)","decl":{"start":{"line":82,"column":2},"end":{"line":82,"column":3}},"loc":{"start":{"line":82,"column":37},"end":{"line":89,"column":3}},"line":82}},"branchMap":{"0":{"loc":{"start":{"line":12,"column":6},"end":{"line":16,"column":7}},"type":"if","locations":[{"start":{"line":12,"column":6},"end":{"line":16,"column":7}},{"start":{},"end":{}}],"line":12},"1":{"loc":{"start":{"line":21,"column":6},"end":{"line":25,"column":7}},"type":"if","locations":[{"start":{"line":21,"column":6},"end":{"line":25,"column":7}},{"start":{},"end":{}}],"line":21},"2":{"loc":{"start":{"line":34,"column":6},"end":{"line":38,"column":7}},"type":"if","locations":[{"start":{"line":34,"column":6},"end":{"line":38,"column":7}},{"start":{"line":36,"column":13},"end":{"line":38,"column":7}}],"line":34},"3":{"loc":{"start":{"line":66,"column":6},"end":{"line":76,"column":7}},"type":"if","locations":[{"start":{"line":66,"column":6},"end":{"line":76,"column":7}},{"start":{"line":74,"column":13},"end":{"line":76,"column":7}}],"line":66}},"s":{"0":3,"1":3,"2":3,"3":3,"4":3,"5":1,"6":1,"7":1,"8":1,"9":1,"10":0,"11":0,"12":0,"13":0,"14":0,"15":0,"16":0,"17":0,"18":0,"19":0,"20":0,"21":0,"22":0,"23":0,"24":0,"25":0,"26":0,"27":0,"28":1,"29":1,"30":1,"31":1,"32":1,"33":0,"34":0,"35":0,"36":0,"37":0,"38":0,"39":1,"40":0,"41":1,"42":1,"43":1,"44":0,"45":3},"f":{"0":1,"1":1,"2":1},"b":{"0":[1,0],"1":[0,0],"2":[0,0],"3":[0,1]},"_coverageSchema":"1a1c01bbd47fc00a2c39e90264f33305004495a9","hash":"1ebd21a3645226d4637db716e30a8581d2358652"}
,"F:\\leetcode\\18652\\iteration5\\s22-ESN-SA2\\controllers\\measurePerformanceController.js": {"path":"F:\\leetcode\\18652\\iteration5\\s22-ESN-SA2\\controllers\\measurePerformanceController.js","statementMap":{"0":{"start":{"line":1,"column":23},"end":{"line":1,"column":77}},"1":{"start":{"line":2,"column":21},"end":{"line":2,"column":73}},"2":{"start":{"line":3,"column":20},"end":{"line":3,"column":60}},"3":{"start":{"line":4,"column":32},"end":{"line":4,"column":68}},"4":{"start":{"line":8,"column":4},"end":{"line":11,"column":5}},"5":{"start":{"line":9,"column":6},"end":{"line":9,"column":66}},"6":{"start":{"line":10,"column":6},"end":{"line":10,"column":13}},"7":{"start":{"line":12,"column":29},"end":{"line":12,"column":37}},"8":{"start":{"line":13,"column":4},"end":{"line":13,"column":33}},"9":{"start":{"line":14,"column":4},"end":{"line":24,"column":5}},"10":{"start":{"line":15,"column":6},"end":{"line":15,"column":39}},"11":{"start":{"line":16,"column":6},"end":{"line":16,"column":62}},"12":{"start":{"line":17,"column":6},"end":{"line":19,"column":36}},"13":{"start":{"line":18,"column":8},"end":{"line":18,"column":64}},"14":{"start":{"line":20,"column":6},"end":{"line":20,"column":31}},"15":{"start":{"line":22,"column":6},"end":{"line":22,"column":25}},"16":{"start":{"line":23,"column":6},"end":{"line":23,"column":38}},"17":{"start":{"line":28,"column":4},"end":{"line":30,"column":5}},"18":{"start":{"line":29,"column":6},"end":{"line":29,"column":13}},"19":{"start":{"line":31,"column":4},"end":{"line":31,"column":34}},"20":{"start":{"line":32,"column":4},"end":{"line":32,"column":62}},"21":{"start":{"line":36,"column":4},"end":{"line":42,"column":5}},"22":{"start":{"line":37,"column":6},"end":{"line":37,"column":62}},"23":{"start":{"line":38,"column":6},"end":{"line":38,"column":31}},"24":{"start":{"line":40,"column":6},"end":{"line":40,"column":25}},"25":{"start":{"line":41,"column":6},"end":{"line":41,"column":31}},"26":{"start":{"line":46,"column":0},"end":{"line":46,"column":46}}},"fnMap":{"0":{"name":"(anonymous_0)","decl":{"start":{"line":7,"column":2},"end":{"line":7,"column":3}},"loc":{"start":{"line":7,"column":35},"end":{"line":25,"column":3}},"line":7},"1":{"name":"(anonymous_1)","decl":{"start":{"line":17,"column":17},"end":{"line":17,"column":18}},"loc":{"start":{"line":17,"column":23},"end":{"line":19,"column":7}},"line":17},"2":{"name":"(anonymous_2)","decl":{"start":{"line":27,"column":2},"end":{"line":27,"column":3}},"loc":{"start":{"line":27,"column":36},"end":{"line":33,"column":3}},"line":27},"3":{"name":"(anonymous_3)","decl":{"start":{"line":35,"column":2},"end":{"line":35,"column":3}},"loc":{"start":{"line":35,"column":28},"end":{"line":43,"column":3}},"line":35}},"branchMap":{"0":{"loc":{"start":{"line":8,"column":4},"end":{"line":11,"column":5}},"type":"if","locations":[{"start":{"line":8,"column":4},"end":{"line":11,"column":5}},{"start":{},"end":{}}],"line":8},"1":{"loc":{"start":{"line":28,"column":4},"end":{"line":30,"column":5}},"type":"if","locations":[{"start":{"line":28,"column":4},"end":{"line":30,"column":5}},{"start":{},"end":{}}],"line":28}},"s":{"0":3,"1":3,"2":3,"3":3,"4":1,"5":0,"6":0,"7":1,"8":1,"9":1,"10":1,"11":1,"12":1,"13":1,"14":1,"15":0,"16":0,"17":2,"18":1,"19":1,"20":1,"21":1,"22":1,"23":1,"24":0,"25":0,"26":3},"f":{"0":1,"1":1,"2":2,"3":1},"b":{"0":[0,1],"1":[1,1]},"_coverageSchema":"1a1c01bbd47fc00a2c39e90264f33305004495a9","hash":"4e3783816c82b4c3f03c686f45a4d66da0139a49"}
,"F:\\leetcode\\18652\\iteration5\\s22-ESN-SA2\\controllers\\privateMessageController.js": {"path":"F:\\leetcode\\18652\\iteration5\\s22-ESN-SA2\\controllers\\privateMessageController.js","statementMap":{"0":{"start":{"line":1,"column":15},"end":{"line":1,"column":32}},"1":{"start":{"line":2,"column":16},"end":{"line":2,"column":52}},"2":{"start":{"line":3,"column":13},"end":{"line":3,"column":38}},"3":{"start":{"line":4,"column":13},"end":{"line":4,"column":38}},"4":{"start":{"line":5,"column":15},"end":{"line":5,"column":35}},"5":{"start":{"line":8,"column":4},"end":{"line":33,"column":5}},"6":{"start":{"line":9,"column":39},"end":{"line":9,"column":47}},"7":{"start":{"line":10,"column":6},"end":{"line":13,"column":7}},"8":{"start":{"line":11,"column":8},"end":{"line":11,"column":33}},"9":{"start":{"line":12,"column":8},"end":{"line":12,"column":15}},"10":{"start":{"line":14,"column":26},"end":{"line":17,"column":7}},"11":{"start":{"line":18,"column":6},"end":{"line":21,"column":7}},"12":{"start":{"line":19,"column":8},"end":{"line":19,"column":33}},"13":{"start":{"line":20,"column":8},"end":{"line":20,"column":15}},"14":{"start":{"line":22,"column":26},"end":{"line":26,"column":7}},"15":{"start":{"line":27,"column":23},"end":{"line":27,"column":53}},"16":{"start":{"line":28,"column":6},"end":{"line":28,"column":64}},"17":{"start":{"line":29,"column":6},"end":{"line":29,"column":29}},"18":{"start":{"line":31,"column":6},"end":{"line":31,"column":34}},"19":{"start":{"line":32,"column":6},"end":{"line":32,"column":38}},"20":{"start":{"line":37,"column":23},"end":{"line":37,"column":32}},"21":{"start":{"line":38,"column":17},"end":{"line":40,"column":6}},"22":{"start":{"line":42,"column":4},"end":{"line":56,"column":5}},"23":{"start":{"line":43,"column":6},"end":{"line":45,"column":7}},"24":{"start":{"line":44,"column":8},"end":{"line":44,"column":31}},"25":{"start":{"line":46,"column":6},"end":{"line":49,"column":8}},"26":{"start":{"line":50,"column":23},"end":{"line":50,"column":53}},"27":{"start":{"line":51,"column":6},"end":{"line":51,"column":41}},"28":{"start":{"line":53,"column":6},"end":{"line":55,"column":9}},"29":{"start":{"line":60,"column":4},"end":{"line":98,"column":5}},"30":{"start":{"line":61,"column":17},"end":{"line":61,"column":37}},"31":{"start":{"line":62,"column":61},"end":{"line":62,"column":69}},"32":{"start":{"line":63,"column":19},"end":{"line":65,"column":8}},"33":{"start":{"line":66,"column":25},"end":{"line":66,"column":65}},"34":{"start":{"line":67,"column":25},"end":{"line":67,"column":65}},"35":{"start":{"line":68,"column":6},"end":{"line":71,"column":7}},"36":{"start":{"line":69,"column":8},"end":{"line":69,"column":33}},"37":{"start":{"line":70,"column":8},"end":{"line":70,"column":15}},"38":{"start":{"line":72,"column":27},"end":{"line":80,"column":7}},"39":{"start":{"line":82,"column":22},"end":{"line":82,"column":58}},"40":{"start":{"line":84,"column":29},"end":{"line":84,"column":64}},"41":{"start":{"line":85,"column":29},"end":{"line":85,"column":64}},"42":{"start":{"line":86,"column":6},"end":{"line":86,"column":68}},"43":{"start":{"line":87,"column":6},"end":{"line":92,"column":7}},"44":{"start":{"line":88,"column":8},"end":{"line":90,"column":9}},"45":{"start":{"line":89,"column":10},"end":{"line":89,"column":168}},"46":{"start":{"line":91,"column":8},"end":{"line":91,"column":70}},"47":{"start":{"line":94,"column":6},"end":{"line":94,"column":31}},"48":{"start":{"line":96,"column":6},"end":{"line":96,"column":21}},"49":{"start":{"line":97,"column":6},"end":{"line":97,"column":47}},"50":{"start":{"line":102,"column":4},"end":{"line":130,"column":5}},"51":{"start":{"line":103,"column":27},"end":{"line":103,"column":36}},"52":{"start":{"line":104,"column":6},"end":{"line":104,"column":30}},"53":{"start":{"line":105,"column":6},"end":{"line":107,"column":7}},"54":{"start":{"line":106,"column":8},"end":{"line":106,"column":49}},"55":{"start":{"line":108,"column":26},"end":{"line":110,"column":8}},"56":{"start":{"line":111,"column":6},"end":{"line":116,"column":7}},"57":{"start":{"line":112,"column":8},"end":{"line":114,"column":11}},"58":{"start":{"line":115,"column":8},"end":{"line":115,"column":15}},"59":{"start":{"line":117,"column":20},"end":{"line":117,"column":56}},"60":{"start":{"line":118,"column":21},"end":{"line":125,"column":8}},"61":{"start":{"line":119,"column":49},"end":{"line":119,"column":53}},"62":{"start":{"line":120,"column":8},"end":{"line":124,"column":9}},"63":{"start":{"line":121,"column":10},"end":{"line":121,"column":49}},"64":{"start":{"line":123,"column":10},"end":{"line":123,"column":49}},"65":{"start":{"line":126,"column":6},"end":{"line":126,"column":46}},"66":{"start":{"line":128,"column":6},"end":{"line":128,"column":25}},"67":{"start":{"line":129,"column":6},"end":{"line":129,"column":47}},"68":{"start":{"line":134,"column":25},"end":{"line":134,"column":34}},"69":{"start":{"line":135,"column":4},"end":{"line":156,"column":5}},"70":{"start":{"line":136,"column":6},"end":{"line":150,"column":7}},"71":{"start":{"line":137,"column":25},"end":{"line":140,"column":10}},"72":{"start":{"line":141,"column":21},"end":{"line":143,"column":10}},"73":{"start":{"line":142,"column":10},"end":{"line":142,"column":62}},"74":{"start":{"line":144,"column":8},"end":{"line":144,"column":35}},"75":{"start":{"line":145,"column":8},"end":{"line":145,"column":15}},"76":{"start":{"line":147,"column":8},"end":{"line":149,"column":11}},"77":{"start":{"line":152,"column":6},"end":{"line":152,"column":34}},"78":{"start":{"line":153,"column":6},"end":{"line":155,"column":9}},"79":{"start":{"line":160,"column":26},"end":{"line":160,"column":36}},"80":{"start":{"line":161,"column":4},"end":{"line":166,"column":5}},"81":{"start":{"line":162,"column":6},"end":{"line":162,"column":69}},"82":{"start":{"line":163,"column":6},"end":{"line":163,"column":29}},"83":{"start":{"line":165,"column":6},"end":{"line":165,"column":29}},"84":{"start":{"line":171,"column":28},"end":{"line":171,"column":37}},"85":{"start":{"line":173,"column":6},"end":{"line":193,"column":7}},"86":{"start":{"line":174,"column":8},"end":{"line":191,"column":9}},"87":{"start":{"line":175,"column":21},"end":{"line":175,"column":41}},"88":{"start":{"line":176,"column":37},"end":{"line":176,"column":47}},"89":{"start":{"line":177,"column":25},"end":{"line":177,"column":45}},"90":{"start":{"line":180,"column":33},"end":{"line":180,"column":55}},"91":{"start":{"line":181,"column":33},"end":{"line":181,"column":55}},"92":{"start":{"line":183,"column":26},"end":{"line":183,"column":70}},"93":{"start":{"line":184,"column":10},"end":{"line":184,"column":72}},"94":{"start":{"line":185,"column":10},"end":{"line":187,"column":11}},"95":{"start":{"line":186,"column":12},"end":{"line":186,"column":74}},"96":{"start":{"line":190,"column":10},"end":{"line":190,"column":38}},"97":{"start":{"line":195,"column":6},"end":{"line":195,"column":49}},"98":{"start":{"line":199,"column":0},"end":{"line":199,"column":42}}},"fnMap":{"0":{"name":"(anonymous_0)","decl":{"start":{"line":7,"column":2},"end":{"line":7,"column":3}},"loc":{"start":{"line":7,"column":46},"end":{"line":34,"column":3}},"line":7},"1":{"name":"(anonymous_1)","decl":{"start":{"line":36,"column":2},"end":{"line":36,"column":3}},"loc":{"start":{"line":36,"column":43},"end":{"line":57,"column":3}},"line":36},"2":{"name":"(anonymous_2)","decl":{"start":{"line":59,"column":2},"end":{"line":59,"column":3}},"loc":{"start":{"line":59,"column":49},"end":{"line":99,"column":3}},"line":59},"3":{"name":"(anonymous_3)","decl":{"start":{"line":101,"column":2},"end":{"line":101,"column":3}},"loc":{"start":{"line":101,"column":41},"end":{"line":131,"column":3}},"line":101},"4":{"name":"(anonymous_4)","decl":{"start":{"line":118,"column":31},"end":{"line":118,"column":32}},"loc":{"start":{"line":118,"column":41},"end":{"line":125,"column":7}},"line":118},"5":{"name":"(anonymous_5)","decl":{"start":{"line":133,"column":2},"end":{"line":133,"column":3}},"loc":{"start":{"line":133,"column":45},"end":{"line":157,"column":3}},"line":133},"6":{"name":"(anonymous_6)","decl":{"start":{"line":141,"column":34},"end":{"line":141,"column":35}},"loc":{"start":{"line":141,"column":43},"end":{"line":143,"column":9}},"line":141},"7":{"name":"(anonymous_7)","decl":{"start":{"line":159,"column":2},"end":{"line":159,"column":3}},"loc":{"start":{"line":159,"column":37},"end":{"line":167,"column":3}},"line":159},"8":{"name":"(anonymous_8)","decl":{"start":{"line":169,"column":2},"end":{"line":169,"column":3}},"loc":{"start":{"line":169,"column":32},"end":{"line":196,"column":5}},"line":169}},"branchMap":{"0":{"loc":{"start":{"line":10,"column":6},"end":{"line":13,"column":7}},"type":"if","locations":[{"start":{"line":10,"column":6},"end":{"line":13,"column":7}},{"start":{},"end":{}}],"line":10},"1":{"loc":{"start":{"line":10,"column":10},"end":{"line":10,"column":60}},"type":"binary-expr","locations":[{"start":{"line":10,"column":10},"end":{"line":10,"column":33}},{"start":{"line":10,"column":37},"end":{"line":10,"column":60}}],"line":10},"2":{"loc":{"start":{"line":18,"column":6},"end":{"line":21,"column":7}},"type":"if","locations":[{"start":{"line":18,"column":6},"end":{"line":21,"column":7}},{"start":{},"end":{}}],"line":18},"3":{"loc":{"start":{"line":43,"column":6},"end":{"line":45,"column":7}},"type":"if","locations":[{"start":{"line":43,"column":6},"end":{"line":45,"column":7}},{"start":{},"end":{}}],"line":43},"4":{"loc":{"start":{"line":68,"column":6},"end":{"line":71,"column":7}},"type":"if","locations":[{"start":{"line":68,"column":6},"end":{"line":71,"column":7}},{"start":{},"end":{}}],"line":68},"5":{"loc":{"start":{"line":68,"column":10},"end":{"line":68,"column":66}},"type":"binary-expr","locations":[{"start":{"line":68,"column":10},"end":{"line":68,"column":22}},{"start":{"line":68,"column":26},"end":{"line":68,"column":44}},{"start":{"line":68,"column":48},"end":{"line":68,"column":66}}],"line":68},"6":{"loc":{"start":{"line":87,"column":6},"end":{"line":92,"column":7}},"type":"if","locations":[{"start":{"line":87,"column":6},"end":{"line":92,"column":7}},{"start":{},"end":{}}],"line":87},"7":{"loc":{"start":{"line":88,"column":8},"end":{"line":90,"column":9}},"type":"if","locations":[{"start":{"line":88,"column":8},"end":{"line":90,"column":9}},{"start":{},"end":{}}],"line":88},"8":{"loc":{"start":{"line":105,"column":6},"end":{"line":107,"column":7}},"type":"if","locations":[{"start":{"line":105,"column":6},"end":{"line":107,"column":7}},{"start":{},"end":{}}],"line":105},"9":{"loc":{"start":{"line":111,"column":6},"end":{"line":116,"column":7}},"type":"if","locations":[{"start":{"line":111,"column":6},"end":{"line":116,"column":7}},{"start":{},"end":{}}],"line":111},"10":{"loc":{"start":{"line":120,"column":8},"end":{"line":124,"column":9}},"type":"if","locations":[{"start":{"line":120,"column":8},"end":{"line":124,"column":9}},{"start":{"line":122,"column":15},"end":{"line":124,"column":9}}],"line":120},"11":{"loc":{"start":{"line":136,"column":6},"end":{"line":150,"column":7}},"type":"if","locations":[{"start":{"line":136,"column":6},"end":{"line":150,"column":7}},{"start":{"line":146,"column":13},"end":{"line":150,"column":7}}],"line":136},"12":{"loc":{"start":{"line":173,"column":6},"end":{"line":193,"column":7}},"type":"if","locations":[{"start":{"line":173,"column":6},"end":{"line":193,"column":7}},{"start":{},"end":{}}],"line":173},"13":{"loc":{"start":{"line":185,"column":10},"end":{"line":187,"column":11}},"type":"if","locations":[{"start":{"line":185,"column":10},"end":{"line":187,"column":11}},{"start":{},"end":{}}],"line":185}},"s":{"0":3,"1":3,"2":3,"3":3,"4":3,"5":2,"6":2,"7":2,"8":0,"9":0,"10":2,"11":2,"12":1,"13":1,"14":1,"15":1,"16":1,"17":1,"18":0,"19":0,"20":0,"21":0,"22":0,"23":0,"24":0,"25":0,"26":0,"27":0,"28":0,"29":1,"30":1,"31":1,"32":1,"33":1,"34":1,"35":1,"36":1,"37":1,"38":0,"39":0,"40":0,"41":0,"42":0,"43":0,"44":0,"45":0,"46":0,"47":0,"48":0,"49":0,"50":1,"51":1,"52":1,"53":1,"54":0,"55":1,"56":1,"57":1,"58":1,"59":0,"60":0,"61":0,"62":0,"63":0,"64":0,"65":0,"66":0,"67":0,"68":0,"69":0,"70":0,"71":0,"72":0,"73":0,"74":0,"75":0,"76":0,"77":0,"78":0,"79":1,"80":1,"81":1,"82":0,"83":1,"84":1,"85":1,"86":1,"87":1,"88":1,"89":1,"90":1,"91":1,"92":1,"93":1,"94":1,"95":0,"96":0,"97":1,"98":3},"f":{"0":2,"1":0,"2":1,"3":1,"4":0,"5":0,"6":0,"7":1,"8":1},"b":{"0":[0,2],"1":[2,2],"2":[1,1],"3":[0,0],"4":[1,0],"5":[1,0,0],"6":[0,0],"7":[0,0],"8":[0,1],"9":[1,0],"10":[0,0],"11":[0,0],"12":[1,0],"13":[0,1]},"_coverageSchema":"1a1c01bbd47fc00a2c39e90264f33305004495a9","hash":"086e28e897acbc4225f1e72142d7312ff5238691"}
,"F:\\leetcode\\18652\\iteration5\\s22-ESN-SA2\\controllers\\provideMedicalSupplyController.js": {"path":"F:\\leetcode\\18652\\iteration5\\s22-ESN-SA2\\controllers\\provideMedicalSupplyController.js","statementMap":{"0":{"start":{"line":1,"column":0},"end":{"line":1,"column":27}},"1":{"start":{"line":2,"column":12},"end":{"line":2,"column":35}},"2":{"start":{"line":3,"column":15},"end":{"line":3,"column":35}},"3":{"start":{"line":4,"column":22},"end":{"line":4,"column":56}},"4":{"start":{"line":7,"column":4},"end":{"line":19,"column":5}},"5":{"start":{"line":8,"column":17},"end":{"line":8,"column":37}},"6":{"start":{"line":9,"column":28},"end":{"line":12,"column":7}},"7":{"start":{"line":13,"column":31},"end":{"line":13,"column":72}},"8":{"start":{"line":14,"column":6},"end":{"line":14,"column":56}},"9":{"start":{"line":15,"column":6},"end":{"line":15,"column":56}},"10":{"start":{"line":16,"column":6},"end":{"line":16,"column":49}},"11":{"start":{"line":18,"column":6},"end":{"line":18,"column":38}},"12":{"start":{"line":22,"column":4},"end":{"line":22,"column":43}},"13":{"start":{"line":25,"column":19},"end":{"line":25,"column":29}},"14":{"start":{"line":26,"column":4},"end":{"line":34,"column":5}},"15":{"start":{"line":27,"column":21},"end":{"line":29,"column":7}},"16":{"start":{"line":30,"column":6},"end":{"line":30,"column":36}},"17":{"start":{"line":31,"column":6},"end":{"line":31,"column":35}},"18":{"start":{"line":33,"column":6},"end":{"line":33,"column":38}},"19":{"start":{"line":46,"column":15},"end":{"line":46,"column":35}},"20":{"start":{"line":47,"column":4},"end":{"line":47,"column":48}},"21":{"start":{"line":48,"column":19},"end":{"line":48,"column":29}},"22":{"start":{"line":49,"column":4},"end":{"line":49,"column":24}},"23":{"start":{"line":50,"column":4},"end":{"line":60,"column":5}},"24":{"start":{"line":51,"column":21},"end":{"line":53,"column":7}},"25":{"start":{"line":54,"column":6},"end":{"line":54,"column":36}},"26":{"start":{"line":55,"column":23},"end":{"line":55,"column":53}},"27":{"start":{"line":56,"column":6},"end":{"line":56,"column":47}},"28":{"start":{"line":57,"column":6},"end":{"line":57,"column":29}},"29":{"start":{"line":59,"column":6},"end":{"line":59,"column":38}},"30":{"start":{"line":63,"column":0},"end":{"line":63,"column":48}}},"fnMap":{"0":{"name":"(anonymous_0)","decl":{"start":{"line":6,"column":2},"end":{"line":6,"column":3}},"loc":{"start":{"line":6,"column":43},"end":{"line":20,"column":3}},"line":6},"1":{"name":"(anonymous_1)","decl":{"start":{"line":21,"column":2},"end":{"line":21,"column":3}},"loc":{"start":{"line":21,"column":46},"end":{"line":35,"column":3}},"line":21},"2":{"name":"(anonymous_2)","decl":{"start":{"line":45,"column":2},"end":{"line":45,"column":3}},"loc":{"start":{"line":45,"column":49},"end":{"line":61,"column":3}},"line":45}},"branchMap":{},"s":{"0":3,"1":3,"2":3,"3":3,"4":4,"5":4,"6":4,"7":4,"8":4,"9":4,"10":4,"11":0,"12":1,"13":1,"14":1,"15":1,"16":1,"17":1,"18":0,"19":1,"20":1,"21":1,"22":1,"23":1,"24":1,"25":1,"26":1,"27":1,"28":1,"29":0,"30":3},"f":{"0":4,"1":1,"2":1},"b":{},"_coverageSchema":"1a1c01bbd47fc00a2c39e90264f33305004495a9","hash":"e111ef79c21030d6133fd1e7aaeb15b248d476b1"}
,"F:\\leetcode\\18652\\iteration5\\s22-ESN-SA2\\controllers\\publicMessageController.js": {"path":"F:\\leetcode\\18652\\iteration5\\s22-ESN-SA2\\controllers\\publicMessageController.js","statementMap":{"0":{"start":{"line":1,"column":15},"end":{"line":1,"column":32}},"1":{"start":{"line":2,"column":23},"end":{"line":2,"column":77}},"2":{"start":{"line":3,"column":13},"end":{"line":3,"column":38}},"3":{"start":{"line":4,"column":15},"end":{"line":4,"column":35}},"4":{"start":{"line":7,"column":4},"end":{"line":7,"column":29}},"5":{"start":{"line":8,"column":4},"end":{"line":8,"column":73}},"6":{"start":{"line":9,"column":4},"end":{"line":9,"column":61}},"7":{"start":{"line":13,"column":4},"end":{"line":29,"column":5}},"8":{"start":{"line":14,"column":17},"end":{"line":14,"column":37}},"9":{"start":{"line":15,"column":19},"end":{"line":15,"column":70}},"10":{"start":{"line":16,"column":29},"end":{"line":22,"column":7}},"11":{"start":{"line":23,"column":6},"end":{"line":23,"column":56}},"12":{"start":{"line":24,"column":6},"end":{"line":24,"column":55}},"13":{"start":{"line":25,"column":6},"end":{"line":25,"column":31}},"14":{"start":{"line":27,"column":6},"end":{"line":27,"column":21}},"15":{"start":{"line":28,"column":6},"end":{"line":28,"column":47}},"16":{"start":{"line":33,"column":4},"end":{"line":38,"column":5}},"17":{"start":{"line":34,"column":22},"end":{"line":34,"column":55}},"18":{"start":{"line":35,"column":6},"end":{"line":35,"column":36}},"19":{"start":{"line":37,"column":6},"end":{"line":37,"column":25}},"20":{"start":{"line":42,"column":4},"end":{"line":42,"column":29}},"21":{"start":{"line":45,"column":11},"end":{"line":45,"column":31}},"22":{"start":{"line":46,"column":0},"end":{"line":46,"column":58}},"23":{"start":{"line":48,"column":0},"end":{"line":48,"column":41}}},"fnMap":{"0":{"name":"(anonymous_0)","decl":{"start":{"line":6,"column":2},"end":{"line":6,"column":3}},"loc":{"start":{"line":6,"column":24},"end":{"line":10,"column":3}},"line":6},"1":{"name":"(anonymous_1)","decl":{"start":{"line":12,"column":2},"end":{"line":12,"column":3}},"loc":{"start":{"line":12,"column":41},"end":{"line":30,"column":3}},"line":12},"2":{"name":"(anonymous_2)","decl":{"start":{"line":32,"column":2},"end":{"line":32,"column":3}},"loc":{"start":{"line":32,"column":35},"end":{"line":39,"column":3}},"line":32},"3":{"name":"(anonymous_3)","decl":{"start":{"line":41,"column":2},"end":{"line":41,"column":3}},"loc":{"start":{"line":41,"column":24},"end":{"line":43,"column":3}},"line":41}},"branchMap":{},"s":{"0":3,"1":3,"2":3,"3":3,"4":3,"5":3,"6":3,"7":1,"8":1,"9":1,"10":1,"11":0,"12":0,"13":0,"14":1,"15":1,"16":0,"17":0,"18":0,"19":0,"20":2,"21":3,"22":3,"23":3},"f":{"0":3,"1":1,"2":0,"3":2},"b":{},"_coverageSchema":"1a1c01bbd47fc00a2c39e90264f33305004495a9","hash":"b8cc0c9519664d2407cf118a5f5fc137f0a8ce41"}
,"F:\\leetcode\\18652\\iteration5\\s22-ESN-SA2\\controllers\\reserveMedicalSupplyController.js": {"path":"F:\\leetcode\\18652\\iteration5\\s22-ESN-SA2\\controllers\\reserveMedicalSupplyController.js","statementMap":{"0":{"start":{"line":1,"column":0},"end":{"line":1,"column":27}},"1":{"start":{"line":2,"column":12},"end":{"line":2,"column":35}},"2":{"start":{"line":3,"column":15},"end":{"line":3,"column":35}},"3":{"start":{"line":4,"column":22},"end":{"line":4,"column":56}},"4":{"start":{"line":7,"column":4},"end":{"line":7,"column":46}},"5":{"start":{"line":9,"column":4},"end":{"line":15,"column":5}},"6":{"start":{"line":10,"column":21},"end":{"line":10,"column":63}},"7":{"start":{"line":11,"column":6},"end":{"line":11,"column":36}},"8":{"start":{"line":12,"column":6},"end":{"line":12,"column":35}},"9":{"start":{"line":14,"column":6},"end":{"line":14,"column":38}},"10":{"start":{"line":19,"column":17},"end":{"line":19,"column":25}},"11":{"start":{"line":20,"column":4},"end":{"line":20,"column":30}},"12":{"start":{"line":21,"column":4},"end":{"line":21,"column":70}},"13":{"start":{"line":22,"column":4},"end":{"line":45,"column":5}},"14":{"start":{"line":23,"column":17},"end":{"line":23,"column":37}},"15":{"start":{"line":24,"column":17},"end":{"line":24,"column":43}},"16":{"start":{"line":25,"column":23},"end":{"line":25,"column":36}},"17":{"start":{"line":27,"column":6},"end":{"line":40,"column":7}},"18":{"start":{"line":28,"column":23},"end":{"line":31,"column":9}},"19":{"start":{"line":32,"column":25},"end":{"line":32,"column":55}},"20":{"start":{"line":33,"column":8},"end":{"line":33,"column":38}},"21":{"start":{"line":34,"column":13},"end":{"line":40,"column":7}},"22":{"start":{"line":35,"column":23},"end":{"line":37,"column":9}},"23":{"start":{"line":38,"column":25},"end":{"line":38,"column":35}},"24":{"start":{"line":39,"column":8},"end":{"line":39,"column":47}},"25":{"start":{"line":42,"column":6},"end":{"line":42,"column":29}},"26":{"start":{"line":44,"column":6},"end":{"line":44,"column":38}},"27":{"start":{"line":74,"column":0},"end":{"line":74,"column":48}}},"fnMap":{"0":{"name":"(anonymous_0)","decl":{"start":{"line":6,"column":2},"end":{"line":6,"column":3}},"loc":{"start":{"line":6,"column":45},"end":{"line":16,"column":3}},"line":6},"1":{"name":"(anonymous_1)","decl":{"start":{"line":18,"column":2},"end":{"line":18,"column":3}},"loc":{"start":{"line":18,"column":55},"end":{"line":46,"column":3}},"line":18}},"branchMap":{"0":{"loc":{"start":{"line":27,"column":6},"end":{"line":40,"column":7}},"type":"if","locations":[{"start":{"line":27,"column":6},"end":{"line":40,"column":7}},{"start":{"line":34,"column":13},"end":{"line":40,"column":7}}],"line":27},"1":{"loc":{"start":{"line":34,"column":13},"end":{"line":40,"column":7}},"type":"if","locations":[{"start":{"line":34,"column":13},"end":{"line":40,"column":7}},{"start":{},"end":{}}],"line":34}},"s":{"0":3,"1":3,"2":3,"3":3,"4":2,"5":2,"6":2,"7":2,"8":2,"9":0,"10":2,"11":2,"12":2,"13":2,"14":2,"15":2,"16":2,"17":2,"18":1,"19":1,"20":1,"21":1,"22":1,"23":1,"24":1,"25":2,"26":0,"27":3},"f":{"0":2,"1":2},"b":{"0":[1,1],"1":[1,0]},"_coverageSchema":"1a1c01bbd47fc00a2c39e90264f33305004495a9","hash":"cadbaa938921d2138b70ab5f8f6acfac22787e2e"}
,"F:\\leetcode\\18652\\iteration5\\s22-ESN-SA2\\controllers\\searchController.js": {"path":"F:\\leetcode\\18652\\iteration5\\s22-ESN-SA2\\controllers\\searchController.js","statementMap":{"0":{"start":{"line":1,"column":13},"end":{"line":1,"column":38}},"1":{"start":{"line":2,"column":16},"end":{"line":2,"column":52}},"2":{"start":{"line":3,"column":13},"end":{"line":3,"column":38}},"3":{"start":{"line":4,"column":15},"end":{"line":4,"column":42}},"4":{"start":{"line":5,"column":22},"end":{"line":5,"column":56}},"5":{"start":{"line":6,"column":13},"end":{"line":6,"column":43}},"6":{"start":{"line":8,"column":24},"end":{"line":8,"column":51}},"7":{"start":{"line":11,"column":18},"end":{"line":11,"column":29}},"8":{"start":{"line":12,"column":4},"end":{"line":15,"column":5}},"9":{"start":{"line":13,"column":6},"end":{"line":13,"column":57}},"10":{"start":{"line":14,"column":6},"end":{"line":14,"column":13}},"11":{"start":{"line":16,"column":4},"end":{"line":21,"column":5}},"12":{"start":{"line":17,"column":21},"end":{"line":17,"column":60}},"13":{"start":{"line":18,"column":6},"end":{"line":18,"column":35}},"14":{"start":{"line":20,"column":6},"end":{"line":20,"column":38}},"15":{"start":{"line":25,"column":23},"end":{"line":25,"column":32}},"16":{"start":{"line":26,"column":24},"end":{"line":26,"column":51}},"17":{"start":{"line":27,"column":4},"end":{"line":30,"column":5}},"18":{"start":{"line":28,"column":6},"end":{"line":28,"column":58}},"19":{"start":{"line":29,"column":6},"end":{"line":29,"column":13}},"20":{"start":{"line":31,"column":4},"end":{"line":36,"column":5}},"21":{"start":{"line":32,"column":21},"end":{"line":32,"column":56}},"22":{"start":{"line":33,"column":6},"end":{"line":33,"column":35}},"23":{"start":{"line":35,"column":6},"end":{"line":35,"column":38}},"24":{"start":{"line":40,"column":18},"end":{"line":40,"column":29}},"25":{"start":{"line":41,"column":4},"end":{"line":44,"column":5}},"26":{"start":{"line":42,"column":6},"end":{"line":42,"column":57}},"27":{"start":{"line":43,"column":6},"end":{"line":43,"column":13}},"28":{"start":{"line":45,"column":17},"end":{"line":45,"column":31}},"29":{"start":{"line":46,"column":4},"end":{"line":49,"column":5}},"30":{"start":{"line":47,"column":6},"end":{"line":47,"column":57}},"31":{"start":{"line":48,"column":6},"end":{"line":48,"column":13}},"32":{"start":{"line":50,"column":21},"end":{"line":50,"column":26}},"33":{"start":{"line":51,"column":29},"end":{"line":51,"column":51}},"34":{"start":{"line":52,"column":4},"end":{"line":55,"column":5}},"35":{"start":{"line":53,"column":6},"end":{"line":53,"column":55}},"36":{"start":{"line":54,"column":6},"end":{"line":54,"column":13}},"37":{"start":{"line":56,"column":4},"end":{"line":69,"column":5}},"38":{"start":{"line":57,"column":29},"end":{"line":57,"column":42}},"39":{"start":{"line":58,"column":19},"end":{"line":61,"column":7}},"40":{"start":{"line":62,"column":6},"end":{"line":65,"column":7}},"41":{"start":{"line":63,"column":8},"end":{"line":63,"column":26}},"42":{"start":{"line":64,"column":8},"end":{"line":64,"column":21}},"43":{"start":{"line":66,"column":6},"end":{"line":66,"column":51}},"44":{"start":{"line":68,"column":6},"end":{"line":68,"column":38}},"45":{"start":{"line":73,"column":4},"end":{"line":73,"column":34}},"46":{"start":{"line":74,"column":18},"end":{"line":74,"column":29}},"47":{"start":{"line":75,"column":4},"end":{"line":78,"column":5}},"48":{"start":{"line":76,"column":6},"end":{"line":76,"column":57}},"49":{"start":{"line":77,"column":6},"end":{"line":77,"column":13}},"50":{"start":{"line":79,"column":17},"end":{"line":79,"column":31}},"51":{"start":{"line":80,"column":4},"end":{"line":83,"column":5}},"52":{"start":{"line":81,"column":6},"end":{"line":81,"column":57}},"53":{"start":{"line":82,"column":6},"end":{"line":82,"column":13}},"54":{"start":{"line":84,"column":21},"end":{"line":84,"column":26}},"55":{"start":{"line":85,"column":29},"end":{"line":85,"column":51}},"56":{"start":{"line":86,"column":4},"end":{"line":89,"column":5}},"57":{"start":{"line":87,"column":6},"end":{"line":87,"column":55}},"58":{"start":{"line":88,"column":6},"end":{"line":88,"column":13}},"59":{"start":{"line":90,"column":4},"end":{"line":103,"column":5}},"60":{"start":{"line":91,"column":29},"end":{"line":91,"column":42}},"61":{"start":{"line":92,"column":19},"end":{"line":95,"column":7}},"62":{"start":{"line":96,"column":6},"end":{"line":99,"column":7}},"63":{"start":{"line":97,"column":8},"end":{"line":97,"column":26}},"64":{"start":{"line":98,"column":8},"end":{"line":98,"column":21}},"65":{"start":{"line":100,"column":6},"end":{"line":100,"column":51}},"66":{"start":{"line":102,"column":6},"end":{"line":102,"column":38}},"67":{"start":{"line":108,"column":18},"end":{"line":108,"column":29}},"68":{"start":{"line":109,"column":4},"end":{"line":112,"column":5}},"69":{"start":{"line":110,"column":6},"end":{"line":110,"column":57}},"70":{"start":{"line":111,"column":6},"end":{"line":111,"column":13}},"71":{"start":{"line":113,"column":17},"end":{"line":113,"column":31}},"72":{"start":{"line":114,"column":4},"end":{"line":117,"column":5}},"73":{"start":{"line":115,"column":6},"end":{"line":115,"column":57}},"74":{"start":{"line":116,"column":6},"end":{"line":116,"column":13}},"75":{"start":{"line":118,"column":21},"end":{"line":118,"column":26}},"76":{"start":{"line":119,"column":29},"end":{"line":119,"column":51}},"77":{"start":{"line":120,"column":4},"end":{"line":123,"column":5}},"78":{"start":{"line":121,"column":6},"end":{"line":121,"column":55}},"79":{"start":{"line":122,"column":6},"end":{"line":122,"column":13}},"80":{"start":{"line":124,"column":4},"end":{"line":137,"column":5}},"81":{"start":{"line":125,"column":29},"end":{"line":125,"column":42}},"82":{"start":{"line":126,"column":19},"end":{"line":129,"column":7}},"83":{"start":{"line":130,"column":6},"end":{"line":133,"column":7}},"84":{"start":{"line":131,"column":8},"end":{"line":131,"column":26}},"85":{"start":{"line":132,"column":8},"end":{"line":132,"column":21}},"86":{"start":{"line":134,"column":6},"end":{"line":134,"column":51}},"87":{"start":{"line":136,"column":6},"end":{"line":136,"column":38}},"88":{"start":{"line":141,"column":18},"end":{"line":141,"column":29}},"89":{"start":{"line":142,"column":4},"end":{"line":145,"column":5}},"90":{"start":{"line":143,"column":6},"end":{"line":143,"column":57}},"91":{"start":{"line":144,"column":6},"end":{"line":144,"column":13}},"92":{"start":{"line":146,"column":17},"end":{"line":146,"column":31}},"93":{"start":{"line":147,"column":19},"end":{"line":147,"column":35}},"94":{"start":{"line":148,"column":4},"end":{"line":151,"column":5}},"95":{"start":{"line":149,"column":6},"end":{"line":149,"column":57}},"96":{"start":{"line":150,"column":6},"end":{"line":150,"column":13}},"97":{"start":{"line":152,"column":21},"end":{"line":152,"column":26}},"98":{"start":{"line":153,"column":29},"end":{"line":153,"column":51}},"99":{"start":{"line":154,"column":4},"end":{"line":155,"column":55}},"100":{"start":{"line":155,"column":6},"end":{"line":155,"column":55}},"101":{"start":{"line":156,"column":4},"end":{"line":170,"column":5}},"102":{"start":{"line":157,"column":29},"end":{"line":157,"column":42}},"103":{"start":{"line":158,"column":19},"end":{"line":162,"column":7}},"104":{"start":{"line":163,"column":6},"end":{"line":166,"column":7}},"105":{"start":{"line":164,"column":8},"end":{"line":164,"column":26}},"106":{"start":{"line":165,"column":8},"end":{"line":165,"column":21}},"107":{"start":{"line":167,"column":6},"end":{"line":167,"column":51}},"108":{"start":{"line":169,"column":6},"end":{"line":169,"column":38}},"109":{"start":{"line":174,"column":18},"end":{"line":174,"column":29}},"110":{"start":{"line":175,"column":4},"end":{"line":175,"column":40}},"111":{"start":{"line":176,"column":29},"end":{"line":176,"column":38}},"112":{"start":{"line":177,"column":21},"end":{"line":177,"column":26}},"113":{"start":{"line":178,"column":4},"end":{"line":181,"column":5}},"114":{"start":{"line":179,"column":6},"end":{"line":179,"column":57}},"115":{"start":{"line":180,"column":6},"end":{"line":180,"column":13}},"116":{"start":{"line":182,"column":4},"end":{"line":185,"column":5}},"117":{"start":{"line":183,"column":6},"end":{"line":183,"column":57}},"118":{"start":{"line":184,"column":6},"end":{"line":184,"column":13}},"119":{"start":{"line":186,"column":27},"end":{"line":186,"column":40}},"120":{"start":{"line":187,"column":4},"end":{"line":197,"column":5}},"121":{"start":{"line":188,"column":22},"end":{"line":188,"column":78}},"122":{"start":{"line":189,"column":19},"end":{"line":189,"column":76}},"123":{"start":{"line":190,"column":6},"end":{"line":193,"column":7}},"124":{"start":{"line":191,"column":8},"end":{"line":191,"column":26}},"125":{"start":{"line":192,"column":8},"end":{"line":192,"column":21}},"126":{"start":{"line":194,"column":6},"end":{"line":194,"column":51}},"127":{"start":{"line":196,"column":6},"end":{"line":196,"column":38}},"128":{"start":{"line":201,"column":4},"end":{"line":201,"column":45}},"129":{"start":{"line":202,"column":18},"end":{"line":202,"column":29}},"130":{"start":{"line":203,"column":26},"end":{"line":203,"column":45}},"131":{"start":{"line":204,"column":4},"end":{"line":204,"column":47}},"132":{"start":{"line":205,"column":29},"end":{"line":205,"column":59}},"133":{"start":{"line":206,"column":4},"end":{"line":209,"column":5}},"134":{"start":{"line":207,"column":6},"end":{"line":207,"column":31}},"135":{"start":{"line":208,"column":6},"end":{"line":208,"column":13}},"136":{"start":{"line":211,"column":4},"end":{"line":217,"column":5}},"137":{"start":{"line":212,"column":21},"end":{"line":212,"column":79}},"138":{"start":{"line":213,"column":6},"end":{"line":213,"column":36}},"139":{"start":{"line":214,"column":6},"end":{"line":214,"column":35}},"140":{"start":{"line":216,"column":6},"end":{"line":216,"column":38}},"141":{"start":{"line":221,"column":0},"end":{"line":221,"column":34}}},"fnMap":{"0":{"name":"(anonymous_0)","decl":{"start":{"line":10,"column":2},"end":{"line":10,"column":3}},"loc":{"start":{"line":10,"column":40},"end":{"line":22,"column":3}},"line":10},"1":{"name":"(anonymous_1)","decl":{"start":{"line":24,"column":2},"end":{"line":24,"column":3}},"loc":{"start":{"line":24,"column":45},"end":{"line":37,"column":3}},"line":24},"2":{"name":"(anonymous_2)","decl":{"start":{"line":39,"column":2},"end":{"line":39,"column":3}},"loc":{"start":{"line":39,"column":45},"end":{"line":70,"column":3}},"line":39},"3":{"name":"(anonymous_3)","decl":{"start":{"line":72,"column":2},"end":{"line":72,"column":3}},"loc":{"start":{"line":72,"column":36},"end":{"line":104,"column":3}},"line":72},"4":{"name":"(anonymous_4)","decl":{"start":{"line":107,"column":2},"end":{"line":107,"column":3}},"loc":{"start":{"line":107,"column":44},"end":{"line":138,"column":3}},"line":107},"5":{"name":"(anonymous_5)","decl":{"start":{"line":140,"column":2},"end":{"line":140,"column":3}},"loc":{"start":{"line":140,"column":46},"end":{"line":171,"column":3}},"line":140},"6":{"name":"(anonymous_6)","decl":{"start":{"line":173,"column":2},"end":{"line":173,"column":3}},"loc":{"start":{"line":173,"column":38},"end":{"line":198,"column":3}},"line":173},"7":{"name":"(anonymous_7)","decl":{"start":{"line":200,"column":2},"end":{"line":200,"column":3}},"loc":{"start":{"line":200,"column":45},"end":{"line":218,"column":3}},"line":200}},"branchMap":{"0":{"loc":{"start":{"line":12,"column":4},"end":{"line":15,"column":5}},"type":"if","locations":[{"start":{"line":12,"column":4},"end":{"line":15,"column":5}},{"start":{},"end":{}}],"line":12},"1":{"loc":{"start":{"line":27,"column":4},"end":{"line":30,"column":5}},"type":"if","locations":[{"start":{"line":27,"column":4},"end":{"line":30,"column":5}},{"start":{},"end":{}}],"line":27},"2":{"loc":{"start":{"line":41,"column":4},"end":{"line":44,"column":5}},"type":"if","locations":[{"start":{"line":41,"column":4},"end":{"line":44,"column":5}},{"start":{},"end":{}}],"line":41},"3":{"loc":{"start":{"line":46,"column":4},"end":{"line":49,"column":5}},"type":"if","locations":[{"start":{"line":46,"column":4},"end":{"line":49,"column":5}},{"start":{},"end":{}}],"line":46},"4":{"loc":{"start":{"line":46,"column":8},"end":{"line":46,"column":26}},"type":"binary-expr","locations":[{"start":{"line":46,"column":8},"end":{"line":46,"column":13}},{"start":{"line":46,"column":17},"end":{"line":46,"column":26}}],"line":46},"5":{"loc":{"start":{"line":52,"column":4},"end":{"line":55,"column":5}},"type":"if","locations":[{"start":{"line":52,"column":4},"end":{"line":55,"column":5}},{"start":{},"end":{}}],"line":52},"6":{"loc":{"start":{"line":62,"column":6},"end":{"line":65,"column":7}},"type":"if","locations":[{"start":{"line":62,"column":6},"end":{"line":65,"column":7}},{"start":{},"end":{}}],"line":62},"7":{"loc":{"start":{"line":75,"column":4},"end":{"line":78,"column":5}},"type":"if","locations":[{"start":{"line":75,"column":4},"end":{"line":78,"column":5}},{"start":{},"end":{}}],"line":75},"8":{"loc":{"start":{"line":80,"column":4},"end":{"line":83,"column":5}},"type":"if","locations":[{"start":{"line":80,"column":4},"end":{"line":83,"column":5}},{"start":{},"end":{}}],"line":80},"9":{"loc":{"start":{"line":80,"column":8},"end":{"line":80,"column":26}},"type":"binary-expr","locations":[{"start":{"line":80,"column":8},"end":{"line":80,"column":13}},{"start":{"line":80,"column":17},"end":{"line":80,"column":26}}],"line":80},"10":{"loc":{"start":{"line":86,"column":4},"end":{"line":89,"column":5}},"type":"if","locations":[{"start":{"line":86,"column":4},"end":{"line":89,"column":5}},{"start":{},"end":{}}],"line":86},"11":{"loc":{"start":{"line":96,"column":6},"end":{"line":99,"column":7}},"type":"if","locations":[{"start":{"line":96,"column":6},"end":{"line":99,"column":7}},{"start":{},"end":{}}],"line":96},"12":{"loc":{"start":{"line":109,"column":4},"end":{"line":112,"column":5}},"type":"if","locations":[{"start":{"line":109,"column":4},"end":{"line":112,"column":5}},{"start":{},"end":{}}],"line":109},"13":{"loc":{"start":{"line":114,"column":4},"end":{"line":117,"column":5}},"type":"if","locations":[{"start":{"line":114,"column":4},"end":{"line":117,"column":5}},{"start":{},"end":{}}],"line":114},"14":{"loc":{"start":{"line":114,"column":8},"end":{"line":114,"column":26}},"type":"binary-expr","locations":[{"start":{"line":114,"column":8},"end":{"line":114,"column":13}},{"start":{"line":114,"column":17},"end":{"line":114,"column":26}}],"line":114},"15":{"loc":{"start":{"line":120,"column":4},"end":{"line":123,"column":5}},"type":"if","locations":[{"start":{"line":120,"column":4},"end":{"line":123,"column":5}},{"start":{},"end":{}}],"line":120},"16":{"loc":{"start":{"line":130,"column":6},"end":{"line":133,"column":7}},"type":"if","locations":[{"start":{"line":130,"column":6},"end":{"line":133,"column":7}},{"start":{},"end":{}}],"line":130},"17":{"loc":{"start":{"line":142,"column":4},"end":{"line":145,"column":5}},"type":"if","locations":[{"start":{"line":142,"column":4},"end":{"line":145,"column":5}},{"start":{},"end":{}}],"line":142},"18":{"loc":{"start":{"line":148,"column":4},"end":{"line":151,"column":5}},"type":"if","locations":[{"start":{"line":148,"column":4},"end":{"line":151,"column":5}},{"start":{},"end":{}}],"line":148},"19":{"loc":{"start":{"line":148,"column":8},"end":{"line":148,"column":37}},"type":"binary-expr","locations":[{"start":{"line":148,"column":8},"end":{"line":148,"column":13}},{"start":{"line":148,"column":17},"end":{"line":148,"column":26}},{"start":{"line":148,"column":30},"end":{"line":148,"column":37}}],"line":148},"20":{"loc":{"start":{"line":154,"column":4},"end":{"line":155,"column":55}},"type":"if","locations":[{"start":{"line":154,"column":4},"end":{"line":155,"column":55}},{"start":{},"end":{}}],"line":154},"21":{"loc":{"start":{"line":163,"column":6},"end":{"line":166,"column":7}},"type":"if","locations":[{"start":{"line":163,"column":6},"end":{"line":166,"column":7}},{"start":{},"end":{}}],"line":163},"22":{"loc":{"start":{"line":178,"column":4},"end":{"line":181,"column":5}},"type":"if","locations":[{"start":{"line":178,"column":4},"end":{"line":181,"column":5}},{"start":{},"end":{}}],"line":178},"23":{"loc":{"start":{"line":182,"column":4},"end":{"line":185,"column":5}},"type":"if","locations":[{"start":{"line":182,"column":4},"end":{"line":185,"column":5}},{"start":{},"end":{}}],"line":182},"24":{"loc":{"start":{"line":182,"column":8},"end":{"line":182,"column":37}},"type":"binary-expr","locations":[{"start":{"line":182,"column":8},"end":{"line":182,"column":13}},{"start":{"line":182,"column":17},"end":{"line":182,"column":26}},{"start":{"line":182,"column":30},"end":{"line":182,"column":37}}],"line":182},"25":{"loc":{"start":{"line":190,"column":6},"end":{"line":193,"column":7}},"type":"if","locations":[{"start":{"line":190,"column":6},"end":{"line":193,"column":7}},{"start":{},"end":{}}],"line":190},"26":{"loc":{"start":{"line":206,"column":4},"end":{"line":209,"column":5}},"type":"if","locations":[{"start":{"line":206,"column":4},"end":{"line":209,"column":5}},{"start":{},"end":{}}],"line":206}},"s":{"0":3,"1":3,"2":3,"3":3,"4":3,"5":3,"6":3,"7":1,"8":1,"9":0,"10":0,"11":1,"12":1,"13":0,"14":1,"15":1,"16":1,"17":1,"18":0,"19":0,"20":1,"21":1,"22":0,"23":1,"24":1,"25":1,"26":0,"27":0,"28":1,"29":1,"30":0,"31":0,"32":1,"33":1,"34":1,"35":0,"36":0,"37":1,"38":1,"39":1,"40":1,"41":0,"42":0,"43":1,"44":0,"45":0,"46":0,"47":0,"48":0,"49":0,"50":0,"51":0,"52":0,"53":0,"54":0,"55":0,"56":0,"57":0,"58":0,"59":0,"60":0,"61":0,"62":0,"63":0,"64":0,"65":0,"66":0,"67":1,"68":1,"69":0,"70":0,"71":1,"72":1,"73":0,"74":0,"75":1,"76":1,"77":1,"78":0,"79":0,"80":1,"81":1,"82":1,"83":1,"84":0,"85":0,"86":1,"87":0,"88":2,"89":2,"90":0,"91":0,"92":2,"93":2,"94":2,"95":2,"96":2,"97":0,"98":0,"99":0,"100":0,"101":0,"102":0,"103":0,"104":0,"105":0,"106":0,"107":0,"108":0,"109":1,"110":1,"111":1,"112":1,"113":1,"114":0,"115":0,"116":1,"117":1,"118":1,"119":0,"120":0,"121":0,"122":0,"123":0,"124":0,"125":0,"126":0,"127":0,"128":1,"129":1,"130":1,"131":1,"132":1,"133":1,"134":0,"135":0,"136":1,"137":1,"138":1,"139":1,"140":0,"141":3},"f":{"0":1,"1":1,"2":1,"3":0,"4":1,"5":2,"6":1,"7":1},"b":{"0":[0,1],"1":[0,1],"2":[0,1],"3":[0,1],"4":[1,1],"5":[0,1],"6":[0,1],"7":[0,0],"8":[0,0],"9":[0,0],"10":[0,0],"11":[0,0],"12":[0,1],"13":[0,1],"14":[1,1],"15":[0,1],"16":[0,1],"17":[0,2],"18":[2,0],"19":[2,2,2],"20":[0,0],"21":[0,0],"22":[0,1],"23":[1,0],"24":[1,1,1],"25":[0,0],"26":[0,1]},"_coverageSchema":"1a1c01bbd47fc00a2c39e90264f33305004495a9","hash":"cecdd5f3ea417565e253e6f9bb1a6b10832433e7"}
,"F:\\leetcode\\18652\\iteration5\\s22-ESN-SA2\\controllers\\shareStatusController.js": {"path":"F:\\leetcode\\18652\\iteration5\\s22-ESN-SA2\\controllers\\shareStatusController.js","statementMap":{"0":{"start":{"line":1,"column":0},"end":{"line":1,"column":27}},"1":{"start":{"line":2,"column":15},"end":{"line":2,"column":32}},"2":{"start":{"line":3,"column":13},"end":{"line":3,"column":38}},"3":{"start":{"line":4,"column":15},"end":{"line":4,"column":42}},"4":{"start":{"line":5,"column":15},"end":{"line":5,"column":35}},"5":{"start":{"line":8,"column":4},"end":{"line":25,"column":5}},"6":{"start":{"line":10,"column":8},"end":{"line":10,"column":69}},"7":{"start":{"line":12,"column":27},"end":{"line":12,"column":40}},"8":{"start":{"line":13,"column":32},"end":{"line":13,"column":50}},"9":{"start":{"line":15,"column":26},"end":{"line":15,"column":38}},"10":{"start":{"line":16,"column":29},"end":{"line":16,"column":48}},"11":{"start":{"line":17,"column":27},"end":{"line":17,"column":40}},"12":{"start":{"line":20,"column":34},"end":{"line":20,"column":79}},"13":{"start":{"line":21,"column":6},"end":{"line":21,"column":39}},"14":{"start":{"line":22,"column":6},"end":{"line":22,"column":48}},"15":{"start":{"line":24,"column":6},"end":{"line":24,"column":25}},"16":{"start":{"line":29,"column":17},"end":{"line":29,"column":27}},"17":{"start":{"line":30,"column":4},"end":{"line":30,"column":35}},"18":{"start":{"line":31,"column":15},"end":{"line":31,"column":35}},"19":{"start":{"line":32,"column":4},"end":{"line":60,"column":5}},"20":{"start":{"line":33,"column":19},"end":{"line":33,"column":66}},"21":{"start":{"line":34,"column":6},"end":{"line":37,"column":7}},"22":{"start":{"line":35,"column":8},"end":{"line":35,"column":33}},"23":{"start":{"line":36,"column":8},"end":{"line":36,"column":15}},"24":{"start":{"line":39,"column":6},"end":{"line":39,"column":33}},"25":{"start":{"line":40,"column":6},"end":{"line":40,"column":39}},"26":{"start":{"line":41,"column":6},"end":{"line":44,"column":8}},"27":{"start":{"line":45,"column":27},"end":{"line":49,"column":7}},"28":{"start":{"line":50,"column":6},"end":{"line":50,"column":48}},"29":{"start":{"line":51,"column":25},"end":{"line":51,"column":29}},"30":{"start":{"line":52,"column":6},"end":{"line":52,"column":49}},"31":{"start":{"line":54,"column":6},"end":{"line":54,"column":42}},"32":{"start":{"line":56,"column":6},"end":{"line":56,"column":40}},"33":{"start":{"line":57,"column":6},"end":{"line":57,"column":31}},"34":{"start":{"line":59,"column":6},"end":{"line":59,"column":66}},"35":{"start":{"line":63,"column":0},"end":{"line":63,"column":39}}},"fnMap":{"0":{"name":"(anonymous_0)","decl":{"start":{"line":7,"column":2},"end":{"line":7,"column":3}},"loc":{"start":{"line":7,"column":42},"end":{"line":26,"column":3}},"line":7},"1":{"name":"(anonymous_1)","decl":{"start":{"line":28,"column":2},"end":{"line":28,"column":3}},"loc":{"start":{"line":28,"column":35},"end":{"line":61,"column":3}},"line":28}},"branchMap":{"0":{"loc":{"start":{"line":10,"column":8},"end":{"line":10,"column":69}},"type":"binary-expr","locations":[{"start":{"line":10,"column":9},"end":{"line":10,"column":62}},{"start":{"line":10,"column":67},"end":{"line
[...]
":72,"column":27},"end":{"line":75,"column":4}},"25":{"start":{"line":73,"column":50},"end":{"line":73,"column":54}},"26":{"start":{"line":74,"column":4},"end":{"line":74,"column":49}},"27":{"start":{"line":76,"column":2},"end":{"line":76,"column":26}},"28":{"start":{"line":80,"column":13},"end":{"line":80,"column":47}},"29":{"start":{"line":81,"column":0},"end":{"line":81,"column":22}}},"fnMap":{"0":{"name":"(anonymous_0)","decl":{"start":{"line":9,"column":4},"end":{"line":9,"column":5}},"loc":{"start":{"line":9,"column":13},"end":{"line":11,"column":5}},"line":9},"1":{"name":"(anonymous_1)","decl":{"start":{"line":25,"column":34},"end":{"line":25,"column":35}},"loc":{"start":{"line":25,"column":52},"end":{"line":38,"column":1}},"line":25},"2":{"name":"(anonymous_2)","decl":{"start":{"line":33,"column":45},"end":{"line":33,"column":46}},"loc":{"start":{"line":33,"column":55},"end":{"line":36,"column":3}},"line":33},"3":{"name":"(anonymous_3)","decl":{"start":{"line":40,"column":43},"end":{"line":40,"column":44}},"loc":{"start":{"line":40,"column":74},"end":{"line":58,"column":1}},"line":40},"4":{"name":"(anonymous_4)","decl":{"start":{"line":52,"column":45},"end":{"line":52,"column":46}},"loc":{"start":{"line":52,"column":55},"end":{"line":55,"column":3}},"line":52},"5":{"name":"(anonymous_5)","decl":{"start":{"line":60,"column":38},"end":{"line":60,"column":39}},"loc":{"start":{"line":60,"column":62},"end":{"line":77,"column":1}},"line":60},"6":{"name":"(anonymous_6)","decl":{"start":{"line":72,"column":45},"end":{"line":72,"column":46}},"loc":{"start":{"line":72,"column":55},"end":{"line":75,"column":3}},"line":72}},"branchMap":{},"s":{"0":5,"1":5,"2":5,"3":14,"4":5,"5":5,"6":5,"7":5,"8":5,"9":4,"10":4,"11":5,"12":5,"13":1,"14":0,"15":0,"16":0,"17":0,"18":0,"19":0,"20":5,"21":1,"22":0,"23":0,"24":0,"25":0,"26":0,"27":0,"28":5,"29":5},"f":{"0":14,"1":5,"2":4,"3":1,"4":0,"5":1,"6":0},"b":{},"_coverageSchema":"1a1c01bbd47fc00a2c39e90264f33305004495a9","hash":"79342c67dc1f6acb2632e261b578a2a6a55e8309"}
,"F:\\leetcode\\18652\\iteration5\\s22-ESN-SA2\\routes\\blog.js": {"path":"F:\\leetcode\\18652\\iteration5\\s22-ESN-SA2\\routes\\blog.js","statementMap":{"0":{"start":{"line":1,"column":16},"end":{"line":1,"column":34}},"1":{"start":{"line":2,"column":15},"end":{"line":2,"column":31}},"2":{"start":{"line":3,"column":23},"end":{"line":3,"column":63}},"3":{"start":{"line":6,"column":16},"end":{"line":6,"column":49}},"4":{"start":{"line":8,"column":0},"end":{"line":8,"column":47}},"5":{"start":{"line":9,"column":0},"end":{"line":9,"column":40}},"6":{"start":{"line":10,"column":0},"end":{"line":10,"column":48}},"7":{"start":{"line":11,"column":0},"end":{"line":11,"column":44}},"8":{"start":{"line":13,"column":0},"end":{"line":13,"column":59}},"9":{"start":{"line":14,"column":0},"end":{"line":14,"column":55}},"10":{"start":{"line":15,"column":0},"end":{"line":15,"column":61}},"11":{"start":{"line":24,"column":0},"end":{"line":24,"column":24}}},"fnMap":{},"branchMap":{},"s":{"0":3,"1":3,"2":3,"3":3,"4":3,"5":3,"6":3,"7":3,"8":3,"9":3,"10":3,"11":3},"f":{},"b":{},"_coverageSchema":"1a1c01bbd47fc00a2c39e90264f33305004495a9","hash":"64a72b31ad0e778a816cf959c36d2b597950bd8c"}
,"F:\\leetcode\\18652\\iteration5\\s22-ESN-SA2\\routes\\chat.js": {"path":"F:\\leetcode\\18652\\iteration5\\s22-ESN-SA2\\routes\\chat.js","statementMap":{"0":{"start":{"line":1,"column":16},"end":{"line":1,"column":34}},"1":{"start":{"line":2,"column":15},"end":{"line":2,"column":31}},"2":{"start":{"line":3,"column":33},"end":{"line":3,"column":83}},"3":{"start":{"line":5,"column":0},"end":{"line":5,"column":69}},"4":{"start":{"line":6,"column":0},"end":{"line":6,"column":64}},"5":{"start":{"line":7,"column":0},"end":{"line":7,"column":58}},"6":{"start":{"line":11,"column":0},"end":{"line":11,"column":24}}},"fnMap":{},"branchMap":{},"s":{"0":3,"1":3,"2":3,"3":3,"4":3,"5":3,"6":3},"f":{},"b":{},"_coverageSchema":"1a1c01bbd47fc00a2c39e90264f33305004495a9","hash":"3cb875661aa5b2af31466834f86785f6d4e19b92"}
,"F:\\leetcode\\18652\\iteration5\\s22-ESN-SA2\\routes\\event.js": {"path":"F:\\leetcode\\18652\\iteration5\\s22-ESN-SA2\\routes\\event.js","statementMap":{"0":{"start":{"line":1,"column":16},"end":{"line":1,"column":34}},"1":{"start":{"line":2,"column":15},"end":{"line":2,"column":31}},"2":{"start":{"line":3,"column":24},"end":{"line":3,"column":65}},"3":{"start":{"line":5,"column":0},"end":{"line":5,"column":49}},"4":{"start":{"line":6,"column":0},"end":{"line":6,"column":48}},"5":{"start":{"line":7,"column":0},"end":{"line":7,"column":57}},"6":{"start":{"line":8,"column":0},"end":{"line":8,"column":56}},"7":{"start":{"line":9,"column":0},"end":{"line":9,"column":51}},"8":{"start":{"line":10,"column":0},"end":{"line":10,"column":55}},"9":{"start":{"line":12,"column":0},"end":{"line":12,"column":24}}},"fnMap":{},"branchMap":{},"s":{"0":3,"1":3,"2":3,"3":3,"4":3,"5":3,"6":3,"7":3,"8":3,"9":3},"f":{},"b":{},"_coverageSchema":"1a1c01bbd47fc00a2c39e90264f33305004495a9","hash":"9567915f7f1429398f8718231e65c55ca59943f9"}
,"F:\\leetcode\\18652\\iteration5\\s22-ESN-SA2\\routes\\index.js": {"path":"F:\\leetcode\\18652\\iteration5\\s22-ESN-SA2\\routes\\index.js","statementMap":{"0":{"start":{"line":1,"column":16},"end":{"line":1,"column":34}},"1":{"start":{"line":2,"column":18},"end":{"line":2,"column":35}},"2":{"start":{"line":3,"column":21},"end":{"line":3,"column":41}},"3":{"start":{"line":4,"column":18},"end":{"line":4,"column":35}},"4":{"start":{"line":5,"column":20},"end":{"line":5,"column":39}},"5":{"start":{"line":6,"column":24},"end":{"line":6,"column":48}},"6":{"start":{"line":7,"column":19},"end":{"line":7,"column":37}},"7":{"start":{"line":8,"column":27},"end":{"line":8,"column":53}},"8":{"start":{"line":9,"column":18},"end":{"line":9,"column":35}},"9":{"start":{"line":10,"column":16},"end":{"line":10,"column":49}},"10":{"start":{"line":11,"column":13},"end":{"line":11,"column":43}},"11":{"start":{"line":12,"column":23},"end":{"line":12,"column":63}},"12":{"start":{"line":13,"column":19},"end":{"line":13,"column":55}},"13":{"start":{"line":15,"column":15},"end":{"line":15,"column":31}},"14":{"start":{"line":17,"column":0},"end":{"line":19,"column":3}},"15":{"start":{"line":18,"column":2},"end":{"line":18,"column":45}},"16":{"start":{"line":21,"column":0},"end":{"line":23,"column":3}},"17":{"start":{"line":22,"column":2},"end":{"line":22,"column":44}},"18":{"start":{"line":25,"column":0},"end":{"line":27,"column":3}},"19":{"start":{"line":26,"column":2},"end":{"line":26,"column":52}},"20":{"start":{"line":29,"column":0},"end":{"line":31,"column":3}},"21":{"start":{"line":30,"column":2},"end":{"line":30,"column":48}},"22":{"start":{"line":33,"column":0},"end":{"line":35,"column":3}},"23":{"start":{"line":34,"column":2},"end":{"line":34,"column":56}},"24":{"start":{"line":37,"column":0},"end":{"line":39,"column":3}},"25":{"start":{"line":38,"column":2},"end":{"line":38,"column":60}},"26":{"start":{"line":41,"column":0},"end":{"line":43,"column":3}},"27":{"start":{"line":42,"column":2},"end":{"line":42,"column":42}},"28":{"start":{"line":45,"column":0},"end":{"line":47,"column":3}},"29":{"start":{"line":46,"column":2},"end":{"line":46,"column":50}},"30":{"start":{"line":49,"column":0},"end":{"line":51,"column":3}},"31":{"start":{"line":50,"column":2},"end":{"line":50,"column":48}},"32":{"start":{"line":53,"column":0},"end":{"line":55,"column":3}},"33":{"start":{"line":54,"column":2},"end":{"line":54,"column":54}},"34":{"start":{"line":57,"column":0},"end":{"line":59,"column":3}},"35":{"start":{"line":58,"column":2},"end":{"line":58,"column":46}},"36":{"start":{"line":61,"column":0},"end":{"line":63,"column":3}},"37":{"start":{"line":62,"column":2},"end":{"line":62,"column":48}},"38":{"start":{"line":69,"column":0},"end":{"line":69,"column":41}},"39":{"start":{"line":71,"column":0},"end":{"line":73,"column":3}},"40":{"start":{"line":72,"column":2},"end":{"line":72,"column":46}},"41":{"start":{"line":75,"column":0},"end":{"line":77,"column":3}},"42":{"start":{"line":76,"column":2},"end":{"line":76,"column":44}},"43":{"start":{"line":78,"column":0},"end":{"line":80,"column":3}},"44":{"start":{"line":79,"column":2},"end":{"line":79,"column":44}},"45":{"start":{"line":82,"column":0},"end":{"line":84,"column":3}},"46":{"start":{"line":83,"column":2},"end":{"line":83,"column":50}},"47":{"start":{"line":86,"column":0},"end":{"line":88,"column":3}},"48":{"start":{"line":87,"column":2},"end":{"line":87,"column":46}},"49":{"start":{"line":90,"column":0},"end":{"line":92,"column":3}},"50":{"start":{"line":91,"column":2},"end":{"line":91,"column":48}},"51":{"start":{"line":94,"column":0},"end":{"line":96,"column":3}},"52":{"start":{"line":95,"column":2},"end":{"line":95,"column":58}},"53":{"start":{"line":97,"column":0},"end":{"line":99,"column":3}},"54":{"start":{"line":98,"column":2},"end":{"line":98,"column":80}},"55":{"start":{"line":100,"column":0},"end":{"line":100,"column":32}},"56":{"start":{"line":101,"column":0},"end":{"line":101,"column":38}},"57":{"start":{"line":102,"column":0},"end":{"line":102,"column":41}},"58":{"start":{"line":103,"column":0},"end":{"line":103,"column":45}},"59":{"start":{"line":104,"column":0},"end":{"line":104,"column":44}},"60":{"start":{"line":105,"column":0},"end":{"line":105,"column":43}},"61":{"start":{"line":106,"column":0},"end":{"line":106,"column":51}},"62":{"start":{"line":108,"column":0},"end":{"line":108,"column":31}},"63":{"start":{"line":110,"column":0},"end":{"line":110,"column":24}}},"fnMap":{"0":{"name":"(anonymous_0)","decl":{"start":{"line":17,"column":16},"end":{"line":17,"column":17}},"loc":{"start":{"line":17,"column":30},"end":{"line":19,"column":1}},"line":17},"1":{"name":"(anonymous_1)","decl":{"start":{"line":21,"column":22},"end":{"line":21,"column":23}},"loc":{"start":{"line":21,"column":36},"end":{"line":23,"column":1}},"line":21},"2":{"name":"(anonymous_2)","decl":{"start":{"line":25,"column":41},"end":{"line":25,"column":42}},"loc":{"start":{"line":25,"column":55},"end":{"line":27,"column":1}},"line":25},"3":{"name":"(anonymous_3)","decl":{"start":{"line":29,"column":39},"end":{"line":29,"column":40}},"loc":{"start":{"line":29,"column":53},"end":{"line":31,"column":1}},"line":29},"4":{"name":"(anonymous_4)","decl":{"start":{"line":33,"column":34},"end":{"line":33,"column":35}},"loc":{"start":{"line":33,"column":48},"end":{"line":35,"column":1}},"line":33},"5":{"name":"(anonymous_5)","decl":{"start":{"line":37,"column":29},"end":{"line":37,"column":30}},"loc":{"start":{"line":37,"column":43},"end":{"line":39,"column":1}},"line":37},"6":{"name":"(anonymous_6)","decl":{"start":{"line":41,"column":21},"end":{"line":41,"column":22}},"loc":{"start":{"line":41,"column":35},"end":{"line":43,"column":1}},"line":41},"7":{"name":"(anonymous_7)","decl":{"start":{"line":45,"column":31},"end":{"line":45,"column":32}},"loc":{"start":{"line":45,"column":45},"end":{"line":47,"column":1}},"line":45},"8":{"name":"(anonymous_8)","decl":{"start":{"line":49,"column":42},"end":{"line":49,"column":43}},"loc":{"start":{"line":49,"column":56},"end":{"line":51,"column":1}},"line":49},"9":{"name":"(anonymous_9)","decl":{"start":{"line":53,"column":49},"end":{"line":53,"column":50}},"loc":{"start":{"line":53,"column":63},"end":{"line":55,"column":1}},"line":53},"10":{"name":"(anonymous_10)","decl":{"start":{"line":57,"column":34},"end":{"line":57,"column":35}},"loc":{"start":{"line":57,"column":48},"end":{"line":59,"column":1}},"line":57},"11":{"name":"(anonymous_11)","decl":{"start":{"line":61,"column":46},"end":{"line":61,"column":47}},"loc":{"start":{"line":61,"column":60},"end":{"line":63,"column":1}},"line":61},"12":{"name":"(anonymous_12)","decl":{"start":{"line":71,"column":23},"end":{"line":71,"column":24}},"loc":{"start":{"line":71,"column":37},"end":{"line":73,"column":1}},"line":71},"13":{"name":"(anonymous_13)","decl":{"start":{"line":75,"column":36},"end":{"line":75,"column":37}},"loc":{"start":{"line":75,"column":50},"end":{"line":77,"column":1}},"line":75},"14":{"name":"(anonymous_14)","decl":{"start":{"line":78,"column":54},"end":{"line":78,"column":55}},"loc":{"start":{"line":78,"column":68},"end":{"line":80,"column":1}},"line":78},"15":{"name":"(anonymous_15)","decl":{"start":{"line":82,"column":31},"end":{"line":82,"column":32}},"loc":{"start":{"line":82,"column":45},"end":{"line":84,"column":1}},"line":82},"16":{"name":"(anonymous_16)","decl":{"start":{"line":86,"column":29},"end":{"line":86,"column":30}},"loc":{"start":{"line":86,"column":43},"end":{"line":88,"column":1}},"line":86},"17":{"name":"(anonymous_17)","decl":{"start":{"line":90,"column":38},"end":{"line":90,"column":39}},"loc":{"start":{"line":90,"column":52},"end":{"line":92,"column":1}},"line":90},"18":{"name":"(anonymous_18)","decl":{"start":{"line":94,"column":36},"end":{"line":94,"column":37}},"loc":{"start":{"line":94,"column":50},"end":{"line":96,"column":1}},"line":94},"19":{"name":"(anonymous_19)","decl":{"start":{"line":97,"column":36},"end":{"line":97,"column":37}},"loc":{"start":{"line":97,"column":50},"end":{"line":99,"column":1}},"line":97}},"branchMap":{},"s":{"0":3,"1":3,"2":3,"3":3,"4":3,"5":3,"6":3,"7":3,"8":3,"9":3,"10":3,"11":3,"12":3,"13":3,"14":3,"15":0,"16":3,"17":0,"18":3,"19":0,"20":3,"21":0,"22":3,"23":0,"24":3,"25":0,"26":3,"27":0,"28":3,"29":0,"30":3,"31":0,"32":3,"33":0,"34":3,"35":0,"36":3,"37":0,"38":3,"39":3,"40":0,"41":3,"42":0,"43":3,"44":0,"45":3,"46":0,"47":3,"48":0,"49":3,"50":0,"51":3,"52":0,"53":3,"54":0,"55":3,"56":3,"57":3,"58":3,"59":3,"60":3,"61":3,"62":3,"63":3},"f":{"0":0,"1":0,"2":0,"3":0,"4":0,"5":0,"6":0,"7":0,"8":0,"9":0,"10":0,"11":0,"12":0,"13":0,"14":0,"15":0,"16":0,"17":0,"18":0,"19":0},"b":{},"_coverageSchema":"1a1c01bbd47fc00a2c39e90264f33305004495a9","hash":"f89a71a3c408dce910d7f8da75df4f559bb93630"}
,"F:\\leetcode\\18652\\iteration5\\s22-ESN-SA2\\routes\\medicalSupply.js": {"path":"F:\\leetcode\\18652\\iteration5\\s22-ESN-SA2\\routes\\medicalSupply.js","statementMap":{"0":{"start":{"line":1,"column":16},"end":{"line":1,"column":34}},"1":{"start":{"line":2,"column":15},"end":{"line":2,"column":31}},"2":{"start":{"line":3,"column":39},"end":{"line":3,"column":95}},"3":{"start":{"line":4,"column":39},"end":{"line":4,"column":95}},"4":{"start":{"line":5,"column":0},"end":{"line":5,"column":67}},"5":{"start":{"line":6,"column":0},"end":{"line":6,"column":78}},"6":{"start":{"line":7,"column":0},"end":{"line":7,"column":91}},"7":{"start":{"line":10,"column":0},"end":{"line":10,"column":68}},"8":{"start":{"line":12,"column":0},"end":{"line":12,"column":94}},"9":{"start":{"line":17,"column":0},"end":{"line":17,"column":24}}},"fnMap":{},"branchMap":{},"s":{"0":3,"1":3,"2":3,"3":3,"4":3,"5":3,"6":3,"7":3,"8":3,"9":3},"f":{},"b":{},"_coverageSchema":"1a1c01bbd47fc00a2c39e90264f33305004495a9","hash":"65582a2b2f568b4c25b2ef588f6ea8d7c90416b1"}
,"F:\\leetcode\\18652\\iteration5\\s22-ESN-SA2\\routes\\message.js": {"path":"F:\\leetcode\\18652\\iteration5\\s22-ESN-SA2\\routes\\message.js","statementMap":{"0":{"start":{"line":1,"column":16},"end":{"line":1,"column":34}},"1":{"start":{"line":2,"column":15},"end":{"line":2,"column":31}},"2":{"start":{"line":3,"column":32},"end":{"line":3,"column":81}},"3":{"start":{"line":4,"column":33},"end":{"line":4,"column":83}},"4":{"start":{"line":5,"column":38},"end":{"line":5,"column":93}},"5":{"start":{"line":7,"column":16},"end":{"line":7,"column":49}},"6":{"start":{"line":9,"column":0},"end":{"line":9,"column":71}},"7":{"start":{"line":10,"column":0},"end":{"line":10,"column":64}},"8":{"start":{"line":11,"column":0},"end":{"line":15,"column":2}},"9":{"start":{"line":16,"column":0},"end":{"line":20,"column":2}},"10":{"start":{"line":23,"column":0},"end":{"line":23,"column":76}},"11":{"start":{"line":25,"column":0},"end":{"line":29,"column":2}},"12":{"start":{"line":30,"column":0},"end":{"line":34,"column":2}},"13":{"start":{"line":35,"column":0},"end":{"line":39,"column":2}},"14":{"start":{"line":41,"column":0},"end":{"line":41,"column":24}}},"fnMap":{},"branchMap":{},"s":{"0":3,"1":3,"2":3,"3":3,"4":3,"5":3,"6":3,"7":3,"8":3,"9":3,"10":3,"11":3,"12":3,"13":3,"14":3},"f":{},"b":{},"_coverageSchema":"1a1c01bbd47fc00a2c39e90264f33305004495a9","hash":"1d3235ba944210dc9632e98a6069b8a445dc0945"}
,"F:\\leetcode\\18652\\iteration5\\s22-ESN-SA2\\routes\\performance.js": {"path":"F:\\leetcode\\18652\\iteration5\\s22-ESN-SA2\\routes\\performance.js","statementMap":{"0":{"start":{"line":1,"column":16},"end":{"line":1,"column":34}},"1":{"start":{"line":2,"column":15},"end":{"line":2,"column":31}},"2":{"start":{"line":3,"column":37},"end":{"line":3,"column":91}},"3":{"start":{"line":5,"column":0},"end":{"line":5,"column":57}},"4":{"start":{"line":6,"column":0},"end":{"line":6,"column":58}},"5":{"start":{"line":7,"column":0},"end":{"line":7,"column":24}}},"fnMap":{},"branchMap":{},"s":{"0":3,"1":3,"2":3,"3":3,"4":3,"5":3},"f":{},"b":{},"_coverageSchema":"1a1c01bbd47fc00a2c39e90264f33305004495a9","hash":"69dc6623a555e3601109c17d0fcc3e4a0eb13028"}
,"F:\\leetcode\\18652\\iteration5\\s22-ESN-SA2\\routes\\search.js": {"path":"F:\\leetcode\\18652\\iteration5\\s22-ESN-SA2\\routes\\search.js","statementMap":{"0":{"start":{"line":1,"column":16},"end":{"line":1,"column":34}},"1":{"start":{"line":2,"column":15},"end":{"line":2,"column":31}},"2":{"start":{"line":3,"column":25},"end":{"line":3,"column":67}},"3":{"start":{"line":5,"column":0},"end":{"line":5,"column":59}},"4":{"start":{"line":6,"column":0},"end":{"line":6,"column":57}},"5":{"start":{"line":7,"column":0},"end":{"line":7,"column":69}},"6":{"start":{"line":8,"column":0},"end":{"line":8,"column":67}},"7":{"start":{"line":9,"column":0},"end":{"line":9,"column":53}},"8":{"start":{"line":10,"column":0},"end":{"line":10,"column":65}},"9":{"start":{"line":11,"column":0},"end":{"line":11,"column":69}},"10":{"start":{"line":13,"column":0},"end":{"line":13,"column":49}},"11":{"start":{"line":14,"column":0},"end":{"line":14,"column":24}}},"fnMap":{},"branchMap":{},"s":{"0":3,"1":3,"2":3,"3":3,"4":3,"5":3,"6":3,"7":3,"8":3,"9":3,"10":3,"11":3},"f":{},"b":{},"_coverageSchema":"1a1c01bbd47fc00a2c39e90264f33305004495a9","hash":"2dc56822a69828b452a1db29ffe87a2520359266"}
,"F:\\leetcode\\18652\\iteration5\\s22-ESN-SA2\\routes\\user.js": {"path":"F:\\leetcode\\18652\\iteration5\\s22-ESN-SA2\\routes\\user.js","statementMap":{"0":{"start":{"line":1,"column":16},"end":{"line":1,"column":34}},"1":{"start":{"line":2,"column":23},"end":{"line":2,"column":63}},"2":{"start":{"line":3,"column":30},"end":{"line":3,"column":77}},"3":{"start":{"line":4,"column":30},"end":{"line":4,"column":77}},"4":{"start":{"line":5,"column":25},"end":{"line":5,"column":67}},"5":{"start":{"line":6,"column":13},"end":{"line":6,"column":43}},"6":{"start":{"line":7,"column":16},"end":{"line":7,"column":49}},"7":{"start":{"line":8,"column":15},"end":{"line":8,"column":31}},"8":{"start":{"line":10,"column":0},"end":{"line":10,"column":61}},"9":{"start":{"line":11,"column":0},"end":{"line":11,"column":63}},"10":{"start":{"line":12,"column":0},"end":{"line":12,"column":50}},"11":{"start":{"line":14,"column":0},"end":{"line":14,"column":51}},"12":{"start":{"line":15,"column":0},"end":{"line":15,"column":38}},"13":{"start":{"line":16,"column":0},"end":{"line":16,"column":74}},"14":{"start":{"line":18,"column":0},"end":{"line":22,"column":2}},"15":{"start":{"line":23,"column":0},"end":{"line":23,"column":75}},"16":{"start":{"line":25,"column":0},"end":{"line":25,"column":78}},"17":{"start":{"line":27,"column":0},"end":{"line":27,"column":84}},"18":{"start":{"line":29,"column":0},"end":{"line":29,"column":24}}},"fnMap":{},"branchMap":{},"s":{"0":3,"1":3,"2":3,"3":3,"4":3,"5":3,"6":3,"7":3,"8":3,"9":3,"10":3,"11":3,"12":3,"13":3,"14":3,"15":3,"16":3,"17":3,"18":3},"f":{},"b":{},"_coverageSchema":"1a1c01bbd47fc00a2c39e90264f33305004495a9","hash":"6d4d8f6f64f4798f3cf1967c4e9d4ae530fab89d"}
}
