{"F:\\leetcode\\18652\\iteration4\\s22-ESN-SA2\\controllers\\blogController.js": {"path":"F:\\leetcode\\18652\\iteration4\\s22-ESN-SA2\\controllers\\blogController.js","statementMap":{"0":{"start":{"line":1,"column":15},"end":{"line":1,"column":32}},"1":{"start":{"line":2,"column":23},"end":{"line":2,"column":68}},"2":{"start":{"line":3,"column":13},"end":{"line":3,"column":38}},"3":{"start":{"line":4,"column":15},"end":{"line":4,"column":35}},"4":{"start":{"line":8,"column":4},"end":{"line":8,"column":29}},"5":{"start":{"line":9,"column":4},"end":{"line":9,"column":55}},"6":{"start":{"line":10,"column":4},"end":{"line":10,"column":43}},"7":{"start":{"line":11,"column":4},"end":{"line":11,"column":45}},"8":{"start":{"line":12,"column":4},"end":{"line":12,"column":51}},"9":{"start":{"line":13,"column":4},"end":{"line":13,"column":47}},"10":{"start":{"line":14,"column":4},"end":{"line":14,"column":53}},"11":{"start":{"line":18,"column":4},"end":{"line":38,"column":5}},"12":{"start":{"line":19,"column":17},"end":{"line":19,"column":37}},"13":{"start":{"line":20,"column":6},"end":{"line":20,"column":28}},"14":{"start":{"line":21,"column":19},"end":{"line":21,"column":70}},"15":{"start":{"line":22,"column":26},"end":{"line":30,"column":7}},"16":{"start":{"line":31,"column":6},"end":{"line":31,"column":63}},"17":{"start":{"line":32,"column":6},"end":{"line":32,"column":50}},"18":{"start":{"line":33,"column":6},"end":{"line":33,"column":43}},"19":{"start":{"line":34,"column":6},"end":{"line":34,"column":31}},"20":{"start":{"line":36,"column":6},"end":{"line":36,"column":21}},"21":{"start":{"line":37,"column":6},"end":{"line":37,"column":47}},"22":{"start":{"line":63,"column":4},"end":{"line":68,"column":5}},"23":{"start":{"line":64,"column":19},"end":{"line":64,"column":49}},"24":{"start":{"line":65,"column":6},"end":{"line":65,"column":33}},"25":{"start":{"line":67,"column":6},"end":{"line":67,"column":25}},"26":{"start":{"line":72,"column":4},"end":{"line":81,"column":5}},"27":{"start":{"line":73,"column":27},"end":{"line":73,"column":44}},"28":{"start":{"line":76,"column":19},"end":{"line":76,"column":61}},"29":{"start":{"line":77,"column":6},"end":{"line":77,"column":41}},"30":{"start":{"line":78,"column":6},"end":{"line":78,"column":33}},"31":{"start":{"line":80,"column":6},"end":{"line":80,"column":25}},"32":{"start":{"line":84,"column":4},"end":{"line":92,"column":5}},"33":{"start":{"line":85,"column":27},"end":{"line":85,"column":44}},"34":{"start":{"line":88,"column":19},"end":{"line":88,"column":64}},"35":{"start":{"line":89,"column":6},"end":{"line":89,"column":33}},"36":{"start":{"line":91,"column":6},"end":{"line":91,"column":25}},"37":{"start":{"line":95,"column":4},"end":{"line":106,"column":5}},"38":{"start":{"line":96,"column":27},"end":{"line":96,"column":44}},"39":{"start":{"line":99,"column":19},"end":{"line":99,"column":62}},"40":{"start":{"line":103,"column":6},"end":{"line":103,"column":33}},"41":{"start":{"line":105,"column":6},"end":{"line":105,"column":25}},"42":{"start":{"line":110,"column":4},"end":{"line":121,"column":5}},"43":{"start":{"line":111,"column":27},"end":{"line":111,"column":44}},"44":{"start":{"line":114,"column":19},"end":{"line":114,"column":65}},"45":{"start":{"line":118,"column":6},"end":{"line":118,"column":33}},"46":{"start":{"line":120,"column":6},"end":{"line":120,"column":25}},"47":{"start":{"line":125,"column":4},"end":{"line":125,"column":29}},"48":{"start":{"line":131,"column":11},"end":{"line":131,"column":31}},"49":{"start":{"line":132,"column":0},"end":{"line":132,"column":40}},"50":{"start":{"line":134,"column":0},"end":{"line":134,"column":32}}},"fnMap":{"0":{"name":"(anonymous_0)","decl":{"start":{"line":7,"column":2},"end":{"line":7,"column":3}},"loc":{"start":{"line":7,"column":24},"end":{"line":15,"column":3}},"line":7},"1":{"name":"(anonymous_1)","decl":{"start":{"line":17,"column":2},"end":{"line":17,"column":3}},"loc":{"start":{"line":17,"column":32},"end":{"line":39,"column":3}},"line":17},"2":{"name":"(anonymous_2)","decl":{"start":{"line":62,"column":2},"end":{"line":62,"column":3}},"loc":{"start":{"line":62,"column":26},"end":{"line":69,"column":3}},"line":62},"3":{"name":"(anonymous_3)","decl":{"start":{"line":71,"column":2},"end":{"line":71,"column":3}},"loc":{"start":{"line":71,"column":27},"end":{"line":82,"column":3}},"line":71},"4":{"name":"(anonymous_4)","decl":{"start":{"line":83,"column":2},"end":{"line":83,"column":3}},"loc":{"start":{"line":83,"column":29},"end":{"line":93,"column":3}},"line":83},"5":{"name":"(anonymous_5)","decl":{"start":{"line":94,"column":2},"end":{"line":94,"column":3}},"loc":{"start":{"line":94,"column":27},"end":{"line":107,"column":3}},"line":94},"6":{"name":"(anonymous_6)","decl":{"start":{"line":109,"column":2},"end":{"line":109,"column":3}},"loc":{"start":{"line":109,"column":30},"end":{"line":122,"column":3}},"line":109},"7":{"name":"(anonymous_7)","decl":{"start":{"line":124,"column":2},"end":{"line":124,"column":3}},"loc":{"start":{"line":124,"column":24},"end":{"line":126,"column":3}},"line":124}},"branchMap":{},"s":{"0":1,"1":1,"2":1,"3":1,"4":1,"5":1,"6":1,"7":1,"8":1,"9":1,"10":1,"11":6,"12":6,"13":6,"14":6,"15":6,"16":0,"17":0,"18":0,"19":0,"20":6,"21":6,"22":1,"23":1,"24":1,"25":0,"26":1,"27":1,"28":1,"29":1,"30":1,"31":1,"32":1,"33":1,"34":1,"35":1,"36":0,"37":1,"38":1,"39":1,"40":1,"41":0,"42":1,"43":1,"44":1,"45":1,"46":0,"47":0,"48":1,"49":1,"50":1},"f":{"0":1,"1":6,"2":1,"3":1,"4":1,"5":1,"6":1,"7":0},"b":{},"_coverageSchema":"1a1c01bbd47fc00a2c39e90264f33305004495a9","hash":"613844f1fd0cbd15604341ae2b3ed1530ddffdfc"}
,"F:\\leetcode\\18652\\iteration4\\s22-ESN-SA2\\lib\\blogStrategy.js": {"path":"F:\\leetcode\\18652\\iteration4\\s22-ESN-SA2\\lib\\blogStrategy.js","statementMap":{"0":{"start":{"line":1,"column":13},"end":{"line":1,"column":43}},"1":{"start":{"line":6,"column":4},"end":{"line":6,"column":49}},"2":{"start":{"line":7,"column":4},"end":{"line":7,"column":45}},"3":{"start":{"line":8,"column":4},"end":{"line":8,"column":45}},"4":{"start":{"line":9,"column":4},"end":{"line":9,"column":51}},"5":{"start":{"line":10,"column":4},"end":{"line":10,"column":47}},"6":{"start":{"line":11,"column":4},"end":{"line":11,"column":53}},"7":{"start":{"line":15,"column":4},"end":{"line":15,"column":28}},"8":{"start":{"line":16,"column":4},"end":{"line":16,"column":33}},"9":{"start":{"line":20,"column":23},"end":{"line":20,"column":29}},"10":{"start":{"line":21,"column":18},"end":{"line":21,"column":55}},"11":{"start":{"line":22,"column":4},"end":{"line":22,"column":17}},"12":{"start":{"line":26,"column":19},"end":{"line":26,"column":31}},"13":{"start":{"line":27,"column":18},"end":{"line":27,"column":53}},"14":{"start":{"line":28,"column":4},"end":{"line":28,"column":17}},"15":{"start":{"line":32,"column":19},"end":{"line":32,"column":31}},"16":{"start":{"line":33,"column":18},"end":{"line":33,"column":55}},"17":{"start":{"line":34,"column":4},"end":{"line":34,"column":17}},"18":{"start":{"line":41,"column":19},"end":{"line":41,"column":31}},"19":{"start":{"line":42,"column":18},"end":{"line":42,"column":53}},"20":{"start":{"line":43,"column":4},"end":{"line":46,"column":5}},"21":{"start":{"line":45,"column":6},"end":{"line":45,"column":18}},"22":{"start":{"line":47,"column":22},"end":{"line":47,"column":41}},"23":{"start":{"line":48,"column":4},"end":{"line":53,"column":5}},"24":{"start":{"line":49,"column":6},"end":{"line":49,"column":75}},"25":{"start":{"line":51,"column":6},"end":{"line":51,"column":34}},"26":{"start":{"line":52,"column":6},"end":{"line":52,"column":38}},"27":{"start":{"line":60,"column":19},"end":{"line":60,"column":31}},"28":{"start":{"line":61,"column":18},"end":{"line":61,"column":53}},"29":{"start":{"line":62,"column":4},"end":{"line":65,"column":5}},"30":{"start":{"line":64,"column":6},"end":{"line":64,"column":18}},"31":{"start":{"line":66,"column":22},"end":{"line":66,"column":41}},"32":{"start":{"line":67,"column":4},"end":{"line":72,"column":5}},"33":{"start":{"line":68,"column":6},"end":{"line":68,"column":75}},"34":{"start":{"line":70,"column":6},"end":{"line":70,"column":34}},"35":{"start":{"line":71,"column":6},"end":{"line":71,"column":38}},"36":{"start":{"line":94,"column":0},"end":{"line":94,"column":40}}},"fnMap":{"0":{"name":"(anonymous_0)","decl":{"start":{"line":5,"column":2},"end":{"line":5,"column":3}},"loc":{"start":{"line":5,"column":16},"end":{"line":12,"column":3}},"line":5},"1":{"name":"(anonymous_1)","decl":{"start":{"line":14,"column":2},"end":{"line":14,"column":3}},"loc":{"start":{"line":14,"column":25},"end":{"line":17,"column":3}},"line":14},"2":{"name":"(anonymous_2)","decl":{"start":{"line":19,"column":2},"end":{"line":19,"column":3}},"loc":{"start":{"line":19,"column":19},"end":{"line":23,"column":3}},"line":19},"3":{"name":"(anonymous_3)","decl":{"start":{"line":25,"column":2},"end":{"line":25,"column":3}},"loc":{"start":{"line":25,"column":31},"end":{"line":29,"column":3}},"line":25},"4":{"name":"(anonymous_4)","decl":{"start":{"line":31,"column":2},"end":{"line":31,"column":3}},"loc":{"start":{"line":31,"column":34},"end":{"line":35,"column":3}},"line":31},"5":{"name":"(anonymous_5)","decl":{"start":{"line":37,"column":2},"end":{"line":37,"column":3}},"loc":{"start":{"line":37,"column":32},"end":{"line":54,"column":3}},"line":37},"6":{"name":"(anonymous_6)","decl":{"start":{"line":56,"column":2},"end":{"line":56,"column":3}},"loc":{"start":{"line":56,"column":35},"end":{"line":73,"column":3}},"line":56}},"branchMap":{"0":{"loc":{"start":{"line":43,"column":4},"end":{"line":46,"column":5}},"type":"if","locations":[{"start":{"line":43,"column":4},"end":{"line":46,"column":5}},{"start":{},"end":{}}],"line":43},"1":{"loc":{"start":{"line":62,"column":4},"end":{"line":65,"column":5}},"type":"if","locations":[{"start":{"line":62,"column":4},"end":{"line":65,"column":5}},{"start":{},"end":{}}],"line":62}},"s":{"0":1,"1":1,"2":1,"3":1,"4":1,"5":1,"6":1,"7":0,"8":0,"9":1,"10":1,"11":1,"12":1,"13":1,"14":1,"15":1,"16":1,"17":1,"18":1,"19":1,"20":1,"21":1,"22":0,"23":0,"24":0,"25":0,"26":0,"27":1,"28":1,"29":1,"30":1,"31":0,"32":0,"33":0,"34":0,"35":0,"36":1},"f":{"0":1,"1":0,"2":1,"3":1,"4":1,"5":1,"6":1},"b":{"0":[1,0],"1":[1,0]},"_coverageSchema":"1a1c01bbd47fc00a2c39e90264f33305004495a9","hash":"267479f66a6167c25e1eea3fa480a2dfc1398260"}
,"F:\\leetcode\\18652\\iteration4\\s22-ESN-SA2\\models\\blog.js": {"path":"F:\\leetcode\\18652\\iteration4\\s22-ESN-SA2\\models\\blog.js","statementMap":{"0":{"start":{"line":1,"column":17},"end":{"line":1,"column":36}},"1":{"start":{"line":2,"column":45},"end":{"line":2,"column":68}},"2":{"start":{"line":4,"column":19},"end":{"line":17,"column":2}},"3":{"start":{"line":19,"column":0},"end":{"line":40,"column":2}},"4":{"start":{"line":29,"column":2},"end":{"line":39,"column":3}},"5":{"start":{"line":30,"column":19},"end":{"line":35,"column":19}},"6":{"start":{"line":36,"column":4},"end":{"line":36,"column":18}},"7":{"start":{"line":38,"column":4},"end":{"line":38,"column":23}},"8":{"start":{"line":69,"column":13},"end":{"line":69,"column":47}},"9":{"start":{"line":70,"column":17},"end":{"line":70,"column":55}},"10":{"start":{"line":72,"column":0},"end":{"line":72,"column":20}},"11":{"start":{"line":73,"column":0},"end":{"line":73,"column":28}}},"fnMap":{"0":{"name":"(anonymous_0)","decl":{"start":{"line":19,"column":32},"end":{"line":19,"column":33}},"loc":{"start":{"line":22,"column":2},"end":{"line":40,"column":1}},"line":22}},"branchMap":{},"s":{"0":2,"1":2,"2":2,"3":2,"4":1,"5":1,"6":0,"7":1,"8":2,"9":2,"10":2,"11":2},"f":{"0":1},"b":{},"_coverageSchema":"1a1c01bbd47fc00a2c39e90264f33305004495a9","hash":"77570253dc21d21e5b0ae4edd77960572d8eacd3"}
,"F:\\leetcode\\18652\\iteration4\\s22-ESN-SA2\\routes\\blog.js": {"path":"F:\\leetcode\\18652\\iteration4\\s22-ESN-SA2\\routes\\blog.js","statementMap":{"0":{"start":{"line":1,"column":16},"end":{"line":1,"column":34}},"1":{"start":{"line":2,"column":15},"end":{"line":2,"column":31}},"2":{"start":{"line":3,"column":23},"end":{"line":3,"column":63}},"3":{"start":{"line":6,"column":16},"end":{"line":6,"column":49}},"4":{"start":{"line":8,"column":0},"end":{"line":8,"column":47}},"5":{"start":{"line":9,"column":0},"end":{"line":9,"column":40}},"6":{"start":{"line":10,"column":0},"end":{"line":10,"column":48}},"7":{"start":{"line":11,"column":0},"end":{"line":11,"column":44}},"8":{"start":{"line":13,"column":0},"end":{"line":13,"column":59}},"9":{"start":{"line":14,"column":0},"end":{"line":14,"column":55}},"10":{"start":{"line":15,"column":0},"end":{"line":15,"column":61}},"11":{"start":{"line":24,"column":0},"end":{"line":24,"column":24}}},"fnMap":{},"branchMap":{},"s":{"0":1,"1":1,"2":1,"3":1,"4":1,"5":1,"6":1,"7":1,"8":1,"9":1,"10":1,"11":1},"f":{},"b":{},"_coverageSchema":"1a1c01bbd47fc00a2c39e90264f33305004495a9","hash":"fb336e8b27903278963e014eb6ac3246a8afd3cc"}
}
