TN:
SF:app.js
FN:36,(anonymous_0)
FN:43,(anonymous_1)
FNF:2
FNH:2
FNDA:1,(anonymous_0)
FNDA:2,(anonymous_1)
DA:1,2
DA:2,2
DA:3,2
DA:4,2
DA:5,2
DA:6,2
DA:7,2
DA:8,2
DA:9,2
DA:11,2
DA:12,2
DA:15,2
DA:16,2
DA:17,2
DA:20,2
DA:21,2
DA:22,2
DA:23,2
DA:24,2
DA:25,2
DA:27,2
DA:28,2
DA:29,2
DA:30,2
DA:32,0
DA:34,2
DA:36,2
DA:37,1
DA:38,1
DA:39,1
DA:43,2
DA:45,2
DA:46,2
DA:49,2
DA:50,2
DA:56,2
DA:59,2
LF:37
LH:36
BRDA:29,0,0,2
BRDA:29,0,1,0
BRDA:46,1,0,0
BRDA:46,1,1,2
BRDA:49,2,0,2
BRDA:49,2,1,1
BRF:6
BRH:4
end_of_record
TN:
SF:socket.js
FN:4,(anonymous_0)
FN:6,(anonymous_1)
FN:9,(anonymous_2)
FN:16,(anonymous_3)
FNF:4
FNH:3
FNDA:3,(anonymous_0)
FNDA:2,(anonymous_1)
FNDA:0,(anonymous_2)
FNDA:35,(anonymous_3)
DA:1,3
DA:7,2
DA:8,2
DA:9,2
DA:10,0
DA:11,0
DA:12,0
DA:17,35
DA:21,3
DA:23,3
LF:10
LH:7
BRF:0
BRH:0
end_of_record
TN:
SF:controllers/announcementMessageController.js
FN:7,(anonymous_0)
FN:15,(anonymous_1)
FN:35,(anonymous_2)
FN:44,(anonymous_3)
FNF:4
FNH:3
FNDA:2,(anonymous_0)
FNDA:1,(anonymous_1)
FNDA:1,(anonymous_2)
FNDA:0,(anonymous_3)
DA:1,2
DA:2,2
DA:4,2
DA:5,2
DA:8,2
DA:9,2
DA:12,2
DA:16,1
DA:17,1
DA:18,1
DA:19,1
DA:26,1
DA:27,1
DA:28,1
DA:30,0
DA:31,0
DA:36,1
DA:37,1
DA:38,1
DA:40,0
DA:45,0
DA:48,2
DA:49,2
DA:51,2
LF:24
LH:20
BRF:0
BRH:0
end_of_record
TN:
SF:controllers/blogController.js
FN:7,(anonymous_0)
FN:17,(anonymous_1)
FN:60,(anonymous_2)
FN:69,(anonymous_3)
FN:80,(anonymous_4)
FN:91,(anonymous_5)
FN:106,(anonymous_6)
FN:121,(anonymous_7)
FNF:8
FNH:7
FNDA:2,(anonymous_0)
FNDA:6,(anonymous_1)
FNDA:1,(anonymous_2)
FNDA:1,(anonymous_3)
FNDA:1,(anonymous_4)
FNDA:1,(anonymous_5)
FNDA:1,(anonymous_6)
FNDA:0,(anonymous_7)
DA:1,2
DA:2,2
DA:3,2
DA:4,2
DA:8,2
DA:9,2
DA:10,2
DA:11,2
DA:12,2
DA:13,2
DA:14,2
DA:18,6
DA:19,6
DA:20,6
DA:21,6
DA:30,6
DA:31,6
DA:32,6
DA:34,0
DA:35,0
DA:61,1
DA:62,1
DA:63,1
DA:65,0
DA:70,1
DA:71,1
DA:74,1
DA:75,1
DA:77,0
DA:81,1
DA:82,1
DA:85,1
DA:86,1
DA:88,0
DA:92,1
DA:93,1
DA:96,1
DA:100,1
DA:102,0
DA:107,1
DA:108,1
DA:111,1
DA:115,1
DA:117,0
DA:122,0
DA:126,2
DA:127,2
DA:129,2
LF:48
LH:40
BRF:0
BRH:0
end_of_record
TN:
SF:controllers/donorsController.js
FN:6,(anonymous_0)
FN:27,(anonymous_1)
FN:44,(anonymous_2)
FNF:3
FNH:3
FNDA:2,(anonymous_0)
FNDA:1,(anonymous_1)
FNDA:1,(anonymous_2)
DA:1,2
DA:2,2
DA:3,2
DA:7,2
DA:8,2
DA:9,2
DA:12,2
DA:14,2
DA:19,2
DA:21,2
DA:23,2
DA:28,1
DA:29,1
DA:30,1
DA:33,1
DA:38,1
DA:39,1
DA:41,1
DA:45,1
DA:46,1
DA:47,1
DA:51,2
LF:22
LH:22
BRDA:12,0,0,1
BRDA:12,0,1,1
BRF:2
BRH:2
end_of_record
TN:
SF:controllers/eventController.js
FN:5,(anonymous_0)
FN:18,(anonymous_1)
FN:26,(anonymous_2)
FN:48,(anonymous_3)
FN:66,(anonymous_4)
FN:81,(anonymous_5)
FN:88,(anonymous_6)
FNF:7
FNH:7
FNDA:1,(anonymous_0)
FNDA:1,(anonymous_1)
FNDA:3,(anonymous_2)
FNDA:2,(anonymous_3)
FNDA:2,(anonymous_4)
FNDA:3,(anonymous_5)
FNDA:1,(anonymous_6)
DA:1,2
DA:2,2
DA:3,2
DA:6,1
DA:7,1
DA:8,1
DA:17,1
DA:18,1
DA:19,1
DA:21,1
DA:22,1
DA:27,3
DA:28,3
DA:29,3
DA:30,3
DA:31,3
DA:32,1
DA:33,1
DA:34,1
DA:36,2
DA:37,1
DA:38,1
DA:40,1
DA:41,1
DA:42,1
DA:43,1
DA:44,1
DA:49,2
DA:50,2
DA:51,2
DA:52,2
DA:53,2
DA:54,1
DA:55,1
DA:57,1
DA:58,1
DA:59,1
DA:60,1
DA:62,1
DA:67,2
DA:68,2
DA:69,2
DA:70,2
DA:71,1
DA:72,1
DA:74,1
DA:75,1
DA:76,1
DA:77,1
DA:82,3
DA:83,3
DA:84,3
DA:89,1
DA:90,1
DA:91,1
DA:92,1
DA:97,2
LF:57
LH:57
BRDA:31,0,0,1
BRDA:31,0,1,2
BRDA:36,1,0,1
BRDA:36,1,1,1
BRDA:53,2,0,1
BRDA:53,2,1,1
BRDA:70,3,0,1
BRDA:70,3,1,1
BRF:8
BRH:8
end_of_record
TN:
SF:controllers/joinController.js
FN:7,(anonymous_0)
FN:46,(anonymous_1)
FNF:2
FNH:2
FNDA:3,(anonymous_0)
FNDA:1,(anonymous_1)
DA:1,2
DA:2,2
DA:3,2
DA:4,2
DA:8,3
DA:9,3
DA:10,3
DA:11,3
DA:14,3
DA:15,1
DA:18,1
DA:20,2
DA:25,2
DA:33,2
DA:35,2
DA:36,2
DA:37,2
DA:38,2
DA:39,2
DA:40,2
DA:47,1
DA:49,1
DA:53,1
DA:54,1
DA:58,2
LF:25
LH:25
BRDA:14,0,0,1
BRDA:14,0,1,2
BRF:2
BRH:2
end_of_record
TN:
SF:controllers/loginLogoutController.js
FN:8,(anonymous_0)
FN:58,(anonymous_1)
FN:73,(anonymous_2)
FNF:3
FNH:3
FNDA:4,(anonymous_0)
FNDA:1,(anonymous_1)
FNDA:1,(anonymous_2)
DA:1,2
DA:2,2
DA:3,2
DA:4,2
DA:5,2
DA:9,4
DA:10,4
DA:11,4
DA:12,4
DA:13,1
DA:17,3
DA:21,3
DA:22,1
DA:27,2
DA:34,2
DA:35,1
DA:37,1
DA:40,2
DA:45,2
DA:46,2
DA:47,2
DA:48,2
DA:49,2
DA:50,2
DA:51,2
DA:52,2
DA:59,1
DA:60,1
DA:61,1
DA:62,1
DA:63,1
DA:64,1
DA:65,1
DA:66,1
DA:67,1
DA:69,1
DA:74,1
DA:75,1
DA:76,1
DA:80,2
LF:40
LH:40
BRDA:12,0,0,1
BRDA:12,0,1,3
BRDA:21,1,0,1
BRDA:21,1,1,2
BRDA:34,2,0,1
BRDA:34,2,1,1
BRF:6
BRH:6
end_of_record
TN:
SF:controllers/measurePerformanceController.js
FN:7,(anonymous_0)
FN:17,(anonymous_1)
FN:24,(anonymous_2)
FN:32,(anonymous_3)
FNF:4
FNH:4
FNDA:2,(anonymous_0)
FNDA:2,(anonymous_1)
FNDA:3,(anonymous_2)
FNDA:1,(anonymous_3)
DA:1,2
DA:2,2
DA:3,2
DA:4,2
DA:8,2
DA:9,0
DA:10,0
DA:12,2
DA:13,2
DA:14,2
DA:15,2
DA:16,2
DA:17,2
DA:18,2
DA:20,2
DA:25,3
DA:26,1
DA:28,2
DA:29,2
DA:33,1
DA:34,1
DA:35,1
DA:40,2
LF:23
LH:21
BRDA:8,0,0,0
BRDA:8,0,1,2
BRDA:25,1,0,1
BRDA:25,1,1,2
BRF:4
BRH:3
end_of_record
TN:
SF:controllers/privateMessageController.js
FN:7,(anonymous_0)
FN:32,(anonymous_1)
FN:50,(anonymous_2)
FN:92,(anonymous_3)
FN:99,(anonymous_4)
FN:114,(anonymous_5)
FN:122,(anonymous_6)
FN:140,(anonymous_7)
FN:150,(anonymous_8)
FNF:9
FNH:6
FNDA:2,(anonymous_0)
FNDA:1,(anonymous_1)
FNDA:1,(anonymous_2)
FNDA:1,(anonymous_3)
FNDA:1,(anonymous_4)
FNDA:0,(anonymous_5)
FNDA:0,(anonymous_6)
FNDA:0,(anonymous_7)
FNDA:1,(anonymous_8)
DA:1,2
DA:2,2
DA:3,2
DA:4,2
DA:5,2
DA:8,2
DA:9,2
DA:10,2
DA:14,2
DA:15,1
DA:16,1
DA:18,1
DA:23,1
DA:24,1
DA:25,1
DA:27,0
DA:28,0
DA:33,1
DA:34,1
DA:38,1
DA:39,1
DA:43,1
DA:44,1
DA:46,0
DA:51,1
DA:52,1
DA:53,1
DA:54,1
DA:57,1
DA:58,1
DA:59,1
DA:69,1
DA:71,1
DA:72,1
DA:73,1
DA:74,1
DA:75,0
DA:76,0
DA:82,0
DA:85,1
DA:87,0
DA:88,0
DA:93,1
DA:94,1
DA:95,1
DA:98,1
DA:99,1
DA:100,1
DA:101,1
DA:102,1
DA:104,0
DA:107,1
DA:109,0
DA:110,0
DA:115,0
DA:116,0
DA:117,0
DA:118,0
DA:122,0
DA:123,0
DA:125,0
DA:126,0
DA:128,0
DA:133,0
DA:134,0
DA:141,0
DA:142,0
DA:143,0
DA:144,0
DA:146,0
DA:151,1
DA:153,1
DA:154,1
DA:155,1
DA:156,1
DA:157,1
DA:159,1
DA:160,1
DA:162,1
DA:163,1
DA:164,1
DA:165,0
DA:168,0
DA:172,1
DA:176,2
LF:85
LH:56
BRDA:14,0,0,1
BRDA:14,0,1,1
BRDA:74,1,0,0
BRDA:74,1,1,1
BRDA:75,2,0,0
BRDA:75,2,1,0
BRDA:101,3,0,1
BRDA:101,3,1,0
BRDA:117,4,0,0
BRDA:117,4,1,0
BRDA:153,5,0,1
BRDA:153,5,1,0
BRDA:164,6,0,0
BRDA:164,6,1,1
BRF:14
BRH:6
end_of_record
TN:
SF:controllers/provideMedicalSupplyController.js
FN:6,(anonymous_0)
FN:20,(anonymous_1)
FN:40,(anonymous_2)
FNF:3
FNH:3
FNDA:4,(anonymous_0)
FNDA:1,(anonymous_1)
FNDA:1,(anonymous_2)
DA:1,2
DA:2,2
DA:3,2
DA:4,2
DA:7,4
DA:8,4
DA:9,4
DA:13,4
DA:14,4
DA:15,4
DA:17,0
DA:21,1
DA:22,1
DA:23,1
DA:26,1
DA:28,0
DA:41,1
DA:42,1
DA:43,1
DA:44,1
DA:47,1
DA:48,1
DA:49,1
DA:51,0
DA:55,2
LF:25
LH:22
BRF:0
BRH:0
end_of_record
TN:
SF:controllers/publicMessageController.js
FN:6,(anonymous_0)
FN:12,(anonymous_1)
FN:32,(anonymous_2)
FN:41,(anonymous_3)
FNF:4
FNH:4
FNDA:2,(anonymous_0)
FNDA:2,(anonymous_1)
FNDA:1,(anonymous_2)
FNDA:4,(anonymous_3)
DA:1,2
DA:2,2
DA:3,2
DA:4,2
DA:7,2
DA:8,2
DA:9,2
DA:13,2
DA:14,2
DA:15,2
DA:16,2
DA:23,2
DA:24,2
DA:25,2
DA:27,0
DA:28,0
DA:33,1
DA:34,1
DA:35,1
DA:37,0
DA:42,4
DA:45,2
DA:46,2
DA:48,2
LF:24
LH:21
BRF:0
BRH:0
end_of_record
TN:
SF:controllers/reserveMedicalSupplyController.js
FN:6,(anonymous_0)
FN:15,(anonymous_1)
FNF:2
FNH:2
FNDA:2,(anonymous_0)
FNDA:2,(anonymous_1)
DA:1,2
DA:2,2
DA:3,2
DA:4,2
DA:7,2
DA:8,2
DA:9,2
DA:11,0
DA:16,2
DA:17,2
DA:18,2
DA:19,2
DA:20,2
DA:22,2
DA:23,1
DA:27,1
DA:28,1
DA:29,1
DA:30,1
DA:33,1
DA:34,1
DA:37,2
DA:39,0
DA:43,2
LF:24
LH:22
BRDA:22,0,0,1
BRDA:22,0,1,1
BRDA:29,1,0,1
BRDA:29,1,1,0
BRF:4
BRH:3
end_of_record
TN:
SF:controllers/searchController.js
FN:10,(anonymous_0)
FN:18,(anonymous_1)
FN:31,(anonymous_2)
FN:58,(anonymous_3)
FN:88,(anonymous_4)
FN:121,(anonymous_5)
FN:156,(anonymous_6)
FN:180,(anonymous_7)
FNF:8
FNH:7
FNDA:1,(anonymous_0)
FNDA:2,(anonymous_1)
FNDA:4,(anonymous_2)
FNDA:0,(anonymous_3)
FNDA:3,(anonymous_4)
FNDA:3,(anonymous_5)
FNDA:2,(anonymous_6)
FNDA:2,(anonymous_7)
DA:1,2
DA:2,2
DA:3,2
DA:4,2
DA:5,2
DA:6,2
DA:8,2
DA:11,1
DA:12,1
DA:13,1
DA:14,1
DA:19,2
DA:20,2
DA:21,2
DA:22,1
DA:23,1
DA:25,1
DA:26,1
DA:27,1
DA:32,4
DA:33,4
DA:34,1
DA:35,1
DA:37,3
DA:38,3
DA:39,3
DA:40,3
DA:41,1
DA:42,1
DA:44,2
DA:45,2
DA:46,2
DA:50,2
DA:51,0
DA:52,0
DA:54,2
DA:59,0
DA:69,0
DA:70,0
DA:71,0
DA:72,0
DA:73,0
DA:75,0
DA:76,0
DA:77,0
DA:78,0
DA:79,0
DA:80,0
DA:82,0
DA:84,0
DA:89,3
DA:90,3
DA:91,1
DA:92,1
DA:94,2
DA:99,2
DA:100,2
DA:101,2
DA:102,1
DA:103,1
DA:105,1
DA:106,1
DA:107,1
DA:111,1
DA:112,0
DA:113,0
DA:115,1
DA:117,0
DA:122,3
DA:123,3
DA:124,1
DA:125,1
DA:127,2
DA:128,2
DA:133,2
DA:134,2
DA:135,2
DA:136,1
DA:137,1
DA:139,1
DA:140,1
DA:141,1
DA:146,1
DA:147,0
DA:148,0
DA:150,1
DA:152,0
DA:157,2
DA:158,2
DA:159,2
DA:160,2
DA:161,1
DA:162,1
DA:168,1
DA:169,1
DA:170,1
DA:171,1
DA:172,1
DA:173,0
DA:174,0
DA:176,1
DA:181,2
DA:182,2
DA:183,2
DA:184,2
DA:185,1
DA:186,1
DA:189,1
DA:190,1
DA:191,1
DA:192,1
DA:197,2
LF:112
LH:88
BRDA:21,0,0,1
BRDA:21,0,1,1
BRDA:33,1,0,1
BRDA:33,1,1,3
BRDA:40,2,0,1
BRDA:40,2,1,2
BRDA:50,3,0,0
BRDA:50,3,1,2
BRDA:71,4,0,0
BRDA:71,4,1,0
BRDA:78,5,0,0
BRDA:78,5,1,0
BRDA:90,6,0,1
BRDA:90,6,1,2
BRDA:101,7,0,1
BRDA:101,7,1,1
BRDA:111,8,0,0
BRDA:111,8,1,1
BRDA:123,9,0,1
BRDA:123,9,1,2
BRDA:135,10,0,1
BRDA:135,10,1,1
BRDA:146,11,0,0
BRDA:146,11,1,1
BRDA:160,12,0,1
BRDA:160,12,1,1
BRDA:172,13,0,0
BRDA:172,13,1,1
BRDA:184,14,0,1
BRDA:184,14,1,1
BRF:30
BRH:22
end_of_record
TN:
SF:controllers/shareStatusController.js
FN:7,(anonymous_0)
FN:23,(anonymous_1)
FNF:2
FNH:2
FNDA:1,(anonymous_0)
FNDA:2,(anonymous_1)
DA:1,2
DA:2,2
DA:3,2
DA:4,2
DA:5,2
DA:8,1
DA:9,1
DA:11,1
DA:12,1
DA:13,1
DA:16,1
DA:17,1
DA:19,0
DA:24,2
DA:25,2
DA:26,2
DA:27,2
DA:28,2
DA:32,2
DA:38,2
DA:40,2
DA:42,2
DA:43,2
DA:45,0
DA:49,2
LF:25
LH:23
BRF:0
BRH:0
end_of_record
TN:
SF:middlewares/auth.js
FN:3,(anonymous_0)
FN:8,(anonymous_1)
FNF:2
FNH:0
FNDA:0,(anonymous_0)
FNDA:0,(anonymous_1)
DA:1,2
DA:3,2
DA:4,0
DA:5,0
DA:6,0
DA:8,0
DA:9,0
DA:10,0
DA:15,0
DA:20,2
LF:10
LH:3
BRDA:5,0,0,0
BRDA:5,0,1,0
BRDA:9,1,0,0
BRDA:9,1,1,0
BRF:4
BRH:0
end_of_record
TN:
SF:middlewares/canAskForDonor.js
FN:1,(anonymous_0)
FNF:1
FNH:0
FNDA:0,(anonymous_0)
DA:1,2
DA:2,0
DA:8,0
DA:9,0
DA:11,0
DA:15,2
LF:6
LH:2
BRDA:8,0,0,0
BRDA:8,0,1,0
BRF:2
BRH:0
end_of_record
TN:
SF:middlewares/canBeDonor.js
FN:1,(anonymous_0)
FNF:1
FNH:0
FNDA:0,(anonymous_0)
DA:1,2
DA:2,0
DA:4,0
DA:8,2
LF:4
LH:2
BRDA:2,0,0,0
BRDA:2,0,1,0
BRF:2
BRH:0
end_of_record
TN:
SF:middlewares/suspend.js
FN:1,(anonymous_0)
FNF:1
FNH:1
FNDA:60,(anonymous_0)
DA:1,2
DA:2,60
DA:3,0
DA:5,60
DA:9,2
LF:5
LH:4
BRDA:2,0,0,0
BRDA:2,0,1,60
BRF:2
BRH:1
end_of_record
TN:
SF:models/blog.js
FN:19,(anonymous_0)
FNF:1
FNH:1
FNDA:1,(anonymous_0)
DA:1,3
DA:2,3
DA:4,3
DA:19,3
DA:29,1
DA:30,1
DA:36,0
DA:38,1
DA:69,3
DA:70,3
DA:72,3
DA:73,3
LF:12
LH:11
BRF:0
BRH:0
end_of_record
TN:
SF:models/chat.js
FN:9,(anonymous_0)
FN:13,(anonymous_1)
FN:25,(anonymous_2)
FNF:3
FNH:3
FNDA:5,(anonymous_0)
FNDA:4,(anonymous_1)
FNDA:3,(anonymous_2)
DA:1,4
DA:3,4
DA:9,4
DA:10,5
DA:13,4
DA:17,4
DA:25,4
DA:26,3
DA:27,3
DA:28,3
DA:31,4
DA:32,4
LF:12
LH:12
BRDA:28,0,0,1
BRDA:28,0,1,2
BRF:2
BRH:2
end_of_record
TN:
SF:models/event.js
FN:14,(anonymous_0)
FN:16,(anonymous_1)
FN:24,(anonymous_2)
FN:30,(anonymous_3)
FN:40,(anonymous_4)
FNF:5
FNH:5
FNDA:4,(anonymous_0)
FNDA:5,(anonymous_1)
FNDA:2,(anonymous_2)
FNDA:3,(anonymous_3)
FNDA:3,(anonymous_4)
DA:1,3
DA:2,3
DA:3,3
DA:4,3
DA:14,3
DA:15,4
DA:16,4
DA:17,5
DA:18,5
DA:19,5
DA:21,4
DA:24,3
DA:25,2
DA:26,1
DA:27,1
DA:30,3
DA:31,3
DA:32,2
DA:37,2
DA:40,3
DA:41,3
DA:42,2
DA:47,2
DA:50,3
DA:52,3
LF:25
LH:25
BRDA:25,0,0,1
BRDA:25,0,1,1
BRDA:31,1,0,1
BRDA:31,1,1,2
BRDA:41,2,0,1
BRDA:41,2,1,2
BRF:6
BRH:6
end_of_record
TN:
SF:models/medicalSupply.js
FN:11,(anonymous_0)
FN:21,(anonymous_1)
FN:28,(anonymous_2)
FN:33,(anonymous_3)
FN:44,(anonymous_4)
FN:54,(anonymous_5)
FNF:6
FNH:6
FNDA:2,(anonymous_0)
FNDA:3,(anonymous_1)
FNDA:2,(anonymous_2)
FNDA:2,(anonymous_3)
FNDA:2,(anonymous_4)
FNDA:2,(anonymous_5)
DA:1,3
DA:3,3
DA:11,3
DA:14,2
DA:18,2
DA:21,3
DA:22,3
DA:25,3
DA:28,3
DA:29,2
DA:30,2
DA:33,3
DA:37,2
DA:41,2
DA:44,3
DA:47,2
DA:51,2
DA:54,3
DA:57,2
DA:61,2
DA:63,3
DA:64,3
LF:22
LH:22
BRF:0
BRH:0
end_of_record
TN:
SF:models/message.js
FN:15,(anonymous_0)
FN:28,(anonymous_1)
FN:42,(anonymous_2)
FNF:3
FNH:3
FNDA:2,(anonymous_0)
FNDA:1,(anonymous_1)
FNDA:1,(anonymous_2)
DA:1,3
DA:2,3
DA:4,3
DA:15,3
DA:19,2
DA:25,2
DA:28,3
DA:33,1
DA:39,1
DA:42,3
DA:46,1
DA:52,1
DA:55,3
DA:56,3
DA:58,3
DA:59,3
LF:16
LH:16
BRF:0
BRH:0
end_of_record
TN:
SF:models/status.js
FN:9,(anonymous_0)
FNF:1
FNH:1
FNDA:1,(anonymous_0)
DA:1,2
DA:3,2
DA:9,2
DA:10,1
DA:13,1
DA:17,2
DA:19,2
LF:7
LH:7
BRF:0
BRH:0
end_of_record
TN:
SF:models/user.js
FN:9,(anonymous_0)
FN:25,(anonymous_1)
FN:33,(anonymous_2)
FN:40,(anonymous_3)
FN:52,(anonymous_4)
FN:60,(anonymous_5)
FN:72,(anonymous_6)
FNF:7
FNH:7
FNDA:14,(anonymous_0)
FNDA:8,(anonymous_1)
FNDA:14,(anonymous_2)
FNDA:1,(anonymous_3)
FNDA:1,(anonymous_4)
FNDA:1,(anonymous_5)
FNDA:2,(anonymous_6)
DA:1,4
DA:2,4
DA:5,4
DA:10,14
DA:25,4
DA:26,8
DA:29,8
DA:32,8
DA:33,8
DA:34,14
DA:35,14
DA:37,8
DA:40,4
DA:41,1
DA:46,1
DA:51,1
DA:52,1
DA:53,1
DA:54,1
DA:57,1
DA:60,4
DA:61,1
DA:66,1
DA:71,1
DA:72,1
DA:73,2
DA:74,2
DA:76,1
DA:80,4
DA:81,4
LF:30
LH:30
BRF:0
BRH:0
end_of_record
TN:
SF:routes/blog.js
FNF:0
FNH:0
DA:1,2
DA:2,2
DA:3,2
DA:6,2
DA:8,2
DA:9,2
DA:10,2
DA:11,2
DA:13,2
DA:14,2
DA:15,2
DA:24,2
LF:12
LH:12
BRF:0
BRH:0
end_of_record
TN:
SF:routes/chat.js
FNF:0
FNH:0
DA:1,2
DA:2,2
DA:3,2
DA:5,2
DA:6,2
DA:7,2
DA:11,2
LF:7
LH:7
BRF:0
BRH:0
end_of_record
TN:
SF:routes/event.js
FNF:0
FNH:0
DA:1,2
DA:2,2
DA:3,2
DA:5,2
DA:6,2
DA:7,2
DA:8,2
DA:9,2
DA:10,2
DA:12,2
LF:10
LH:10
BRF:0
BRH:0
end_of_record
TN:
SF:routes/medicalSupply.js
FNF:0
FNH:0
DA:1,2
DA:2,2
DA:3,2
DA:4,2
DA:5,2
DA:6,2
DA:7,2
DA:10,2
DA:12,2
DA:17,2
LF:10
LH:10
BRF:0
BRH:0
end_of_record
TN:
SF:routes/message.js
FNF:0
FNH:0
DA:1,2
DA:2,2
DA:3,2
DA:4,2
DA:5,2
DA:7,2
DA:9,2
DA:10,2
DA:11,2
DA:16,2
DA:23,2
DA:25,2
DA:30,2
DA:35,2
DA:41,2
LF:15
LH:15
BRF:0
BRH:0
end_of_record
TN:
SF:routes/performance.js
FNF:0
FNH:0
DA:1,2
DA:2,2
DA:3,2
DA:5,2
DA:6,2
DA:7,2
LF:6
LH:6
BRF:0
BRH:0
end_of_record
TN:
SF:routes/search.js
FNF:0
FNH:0
DA:1,2
DA:2,2
DA:3,2
DA:5,2
DA:6,2
DA:7,2
DA:8,2
DA:9,2
DA:10,2
DA:11,2
DA:13,2
DA:14,2
LF:12
LH:12
BRF:0
BRH:0
end_of_record
TN:
SF:routes/user.js
FNF:0
FNH:0
DA:1,2
DA:2,2
DA:3,2
DA:4,2
DA:5,2
DA:6,2
DA:7,2
DA:8,2
DA:10,2
DA:11,2
DA:12,2
DA:14,2
DA:15,2
DA:16,2
DA:18,2
DA:23,2
DA:25,2
DA:27,2
DA:33,2
LF:19
LH:19
BRF:0
BRH:0
end_of_record
