TN:
SF:controllers\blogController.js
FN:7,(anonymous_0)
FN:17,(anonymous_1)
FN:62,(anonymous_2)
FN:71,(anonymous_3)
FN:83,(anonymous_4)
FN:94,(anonymous_5)
FN:109,(anonymous_6)
FN:124,(anonymous_7)
FNF:8
FNH:6
FNDA:1,(anonymous_0)
FNDA:0,(anonymous_1)
FNDA:1,(anonymous_2)
FNDA:1,(anonymous_3)
FNDA:1,(anonymous_4)
FNDA:1,(anonymous_5)
FNDA:1,(anonymous_6)
FNDA:0,(anonymous_7)
DA:1,1
DA:2,1
DA:3,1
DA:4,1
DA:8,1
DA:9,1
DA:10,1
DA:11,1
DA:12,1
DA:13,1
DA:14,1
DA:18,0
DA:19,0
DA:20,0
DA:21,0
DA:22,0
DA:31,0
DA:32,0
DA:33,0
DA:34,0
DA:36,0
DA:37,0
DA:63,1
DA:64,1
DA:65,1
DA:67,0
DA:72,1
DA:73,1
DA:76,1
DA:77,1
DA:78,1
DA:80,1
DA:84,1
DA:85,1
DA:88,1
DA:89,1
DA:91,0
DA:95,1
DA:96,1
DA:99,1
DA:100,1
DA:101,1
DA:103,1
DA:105,1
DA:110,1
DA:111,1
DA:114,1
DA:115,1
DA:116,1
DA:118,1
DA:120,1
DA:125,0
DA:131,1
DA:132,1
DA:134,1
LF:55
LH:41
BRDA:100,0,0,1
BRDA:100,0,1,0
BRDA:115,1,0,1
BRDA:115,1,1,0
BRF:4
BRH:2
end_of_record
TN:
SF:models\blog.js
FN:19,(anonymous_0)
FNF:1
FNH:0
FNDA:0,(anonymous_0)
DA:1,2
DA:2,2
DA:4,2
DA:19,2
DA:23,0
DA:29,0
DA:59,2
DA:60,2
DA:62,2
DA:63,2
LF:10
LH:8
BRF:0
BRH:0
end_of_record
TN:
SF:routes\blog.js
FNF:0
FNH:0
DA:1,1
DA:2,1
DA:3,1
DA:6,1
DA:8,1
DA:9,1
DA:10,1
DA:11,1
DA:13,1
DA:14,1
DA:15,1
DA:24,1
LF:12
LH:12
BRF:0
BRH:0
end_of_record
